Log file open, 11/06/20 10:39:54
LogWindows: Failed to load 'aqProf.dll' (GetLastError=126)
LogWindows: File 'aqProf.dll' does not exist
LogWindows: Failed to load 'VtuneApi.dll' (GetLastError=126)
LogWindows: File 'VtuneApi.dll' does not exist
LogWindows: Failed to load 'VtuneApi32e.dll' (GetLastError=126)
LogWindows: File 'VtuneApi32e.dll' does not exist
LogConsoleResponse: Display: Failed to find resolution value strings in scalability ini. Falling back to default.
LogInit: Display: Running engine for game: miso
LogPlatformFile: Not using cached read wrapper
LogTaskGraph: Started task graph with 5 named threads and 35 total threads with 3 sets of task threads.
LogStats: Stats thread started at 0.083499
LogD3D11RHI: Loaded GFSDK_Aftermath_Lib.x64.dll
LogICUInternationalization: ICU TimeZone Detection - Raw Offset: +9:00, Platform Override: ''
LogPluginManager: Mounting plugin Paper2D
LogPluginManager: Mounting plugin AISupport
LogPluginManager: Mounting plugin LightPropagationVolume
LogPluginManager: Mounting plugin ActorLayerUtilities
LogPluginManager: Mounting plugin AnimationSharing
LogPluginManager: Mounting plugin CLionSourceCodeAccess
LogPluginManager: Mounting plugin CodeLiteSourceCodeAccess
LogPluginManager: Mounting plugin GitSourceControl
LogPluginManager: Mounting plugin KDevelopSourceCodeAccess
LogPluginManager: Mounting plugin NullSourceCodeAccess
LogPluginManager: Mounting plugin PerforceSourceControl
LogPluginManager: Mounting plugin SubversionSourceControl
LogPluginManager: Mounting plugin UObjectPlugin
LogPluginManager: Mounting plugin VisualStudioCodeSourceCodeAccess
LogPluginManager: Mounting plugin VisualStudioSourceCodeAccess
LogPluginManager: Mounting plugin XCodeSourceCodeAccess
LogPluginManager: Mounting plugin AssetManagerEditor
LogPluginManager: Mounting plugin CryptoKeys
LogPluginManager: Mounting plugin CurveEditorTools
LogPluginManager: Mounting plugin DataValidation
LogPluginManager: Mounting plugin FacialAnimation
LogPluginManager: Mounting plugin GameplayTagsEditor
LogPluginManager: Mounting plugin MacGraphicsSwitching
LogPluginManager: Mounting plugin MaterialAnalyzer
LogPluginManager: Mounting plugin MobileLauncherProfileWizard
LogPluginManager: Mounting plugin PluginBrowser
LogPluginManager: Mounting plugin SpeedTreeImporter
LogPluginManager: Mounting plugin DatasmithContent
LogPluginManager: Mounting plugin VariantManagerContent
LogPluginManager: Mounting plugin AlembicImporter
LogPluginManager: Mounting plugin AutomationUtils
LogPluginManager: Mounting plugin BackChannel
LogPluginManager: Mounting plugin CharacterAI
LogPluginManager: Mounting plugin GeometryCache
LogPluginManager: Mounting plugin HTML5Networking
LogPluginManager: Mounting plugin PlatformCrypto
LogPluginManager: Mounting plugin ProxyLODPlugin
LogPluginManager: Mounting plugin SkeletalReduction
LogPluginManager: Mounting plugin MagicLeap
LogPluginManager: Mounting plugin MagicLeapMedia
LogPluginManager: Mounting plugin AndroidMedia
LogPluginManager: Mounting plugin AvfMedia
LogPluginManager: Mounting plugin ImgMedia
LogPluginManager: Mounting plugin MediaCompositing
LogPluginManager: Mounting plugin MediaPlayerEditor
LogPluginManager: Mounting plugin WebMMedia
LogPluginManager: Mounting plugin WmfMedia
LogPluginManager: Mounting plugin TcpMessaging
LogPluginManager: Mounting plugin UdpMessaging
LogPluginManager: Mounting plugin ActorSequence
LogPluginManager: Mounting plugin LevelSequenceEditor
LogPluginManager: Mounting plugin MatineeToLevelSequence
LogPluginManager: Mounting plugin NetcodeUnitTest
LogPluginManager: Mounting plugin NUTUnrealEngine4
LogPluginManager: Mounting plugin OnlineSubsystemGooglePlay
LogPluginManager: Mounting plugin OnlineSubsystemIOS
LogPluginManager: Mounting plugin OnlineSubsystem
LogPluginManager: Mounting plugin OnlineSubsystemNull
LogPluginManager: Mounting plugin OnlineSubsystemUtils
LogPluginManager: Mounting plugin LauncherChunkInstaller
LogPluginManager: Mounting plugin AndroidDeviceProfileSelector
LogPluginManager: Mounting plugin AndroidMoviePlayer
LogPluginManager: Mounting plugin AndroidPermission
LogPluginManager: Mounting plugin AppleImageUtils
LogPluginManager: Mounting plugin AppleMoviePlayer
LogPluginManager: Mounting plugin ArchVisCharacter
LogPluginManager: Mounting plugin AudioCapture
LogPluginManager: Mounting plugin CableComponent
LogPluginManager: Mounting plugin CustomMeshComponent
LogPluginManager: Mounting plugin EditableMesh
LogPluginManager: Mounting plugin ExampleDeviceProfileSelector
LogPluginManager: Mounting plugin GoogleCloudMessaging
LogPluginManager: Mounting plugin IOSDeviceProfileSelector
LogPluginManager: Mounting plugin LinuxDeviceProfileSelector
LogPluginManager: Mounting plugin LocationServicesBPLibrary
LogPluginManager: Mounting plugin MobilePatchingUtils
LogPluginManager: Mounting plugin OculusVR
LogPluginManager: Mounting plugin PhysXVehicles
LogPluginManager: Mounting plugin ProceduralMeshComponent
LogPluginManager: Mounting plugin RuntimePhysXCooking
LogPluginManager: Mounting plugin SignificanceManager
LogPluginManager: Mounting plugin SteamVR
LogPluginManager: Mounting plugin WebMMoviePlayer
LogPluginManager: Mounting plugin WindowsMoviePlayer
LogPluginManager: Mounting plugin ScreenshotTools
LogPluginManager: Mounting plugin StrixSDK
LogInit: Using libcurl 7.55.1-DEV
LogInit:  - built for x86_64-pc-win32
LogInit:  - supports SSL with OpenSSL/1.1.1
LogInit:  - supports HTTP deflate (compression) using libz 1.2.8
LogInit:  - other features:
LogInit:      CURL_VERSION_SSL
LogInit:      CURL_VERSION_LIBZ
LogInit:      CURL_VERSION_IPV6
LogInit:      CURL_VERSION_ASYNCHDNS
LogInit:      CURL_VERSION_LARGEFILE
LogInit:      CURL_VERSION_IDN
LogInit:  CurlRequestOptions (configurable via config and command line):
LogInit:  - bVerifyPeer = true  - Libcurl will verify peer certificate
LogInit:  - bUseHttpProxy = false  - Libcurl will NOT use HTTP proxy
LogInit:  - bDontReuseConnections = false  - Libcurl will reuse connections
LogInit:  - MaxHostConnections = 16  - Libcurl will limit the number of connections to a host
LogInit:  - LocalHostAddr = Default
LogInit:  - BufferSize = 65536
LogOnline: OSS: Creating online subsystem instance for: NULL
LogInit: WinSock: version 1.1 (2.2), MaxSocks=32767, MaxUdp=65467
LogInit: Build: ++UE4+Release-4.23-CL-9631420
LogInit: Engine Version: 4.23.1-9631420+++UE4+Release-4.23
LogInit: Compatible Engine Version: 4.23.0-8386587+++UE4+Release-4.23
LogInit: Net CL: 8386587
LogInit: OS: Windows 10 (Release 1903) (), CPU: Intel(R) Core(TM) i7-8750H CPU @ 2.20GHz, GPU: Intel(R) UHD Graphics 630
LogInit: Compiled (64-bit): Oct 18 2019 02:07:44
LogInit: Compiled with Visual C++: 19.16.27030.01
LogInit: Build Configuration: Development
LogInit: Branch Name: ++UE4+Release-4.23
LogInit: Command Line:  -EpicPortal -epicusername=serge-aruni -epicuserid=8e3bf10744884fb3a7e22c3c83bf16eb -epiclocale=ja
LogInit: Base Directory: C:/Program Files/Epic Games/UE_4.23/Engine/Binaries/Win64/
LogInit: Installed Engine Build: 1
LogDevObjectVersion: Number of dev versions registered: 23
LogDevObjectVersion:   Dev-Blueprints (B0D832E4-1F89-4F0D-ACCF-7EB736FD4AA2): 10
LogDevObjectVersion:   Dev-Build (E1C64328-A22C-4D53-A36C-8E866417BD8C): 0
LogDevObjectVersion:   Dev-Core (375EC13C-06E4-48FB-B500-84F0262A717E): 3
LogDevObjectVersion:   Dev-Editor (E4B068ED-F494-42E9-A231-DA0B2E46BB41): 34
LogDevObjectVersion:   Dev-Framework (CFFC743F-43B0-4480-9391-14DF171D2073): 35
LogDevObjectVersion:   Dev-Mobile (B02B49B5-BB20-44E9-A304-32B752E40360): 2
LogDevObjectVersion:   Dev-Networking (A4E4105C-59A1-49B5-A7C5-40C4547EDFEE): 0
LogDevObjectVersion:   Dev-Online (39C831C9-5AE6-47DC-9A44-9C173E1C8E7C): 0
LogDevObjectVersion:   Dev-Physics (78F01B33-EBEA-4F98-B9B4-84EACCB95AA2): 0
LogDevObjectVersion:   Dev-Platform (6631380F-2D4D-43E0-8009-CF276956A95A): 0
LogDevObjectVersion:   Dev-Rendering (12F88B9F-8875-4AFC-A67C-D90C383ABD29): 31
LogDevObjectVersion:   Dev-Sequencer (7B5AE74C-D270-4C10-A958-57980B212A5A): 11
LogDevObjectVersion:   Dev-VR (D7296918-1DD6-4BDD-9DE2-64A83CC13884): 2
LogDevObjectVersion:   Dev-LoadTimes (C2A15278-BFE7-4AFE-6C17-90FF531DF755): 1
LogDevObjectVersion:   Private-Geometry (6EACA3D4-40EC-4CC1-B786-8BED09428FC5): 3
LogDevObjectVersion:   Dev-AnimPhys (29E575DD-E0A3-4627-9D10-D276232CDCEA): 17
LogDevObjectVersion:   Dev-Anim (AF43A65D-7FD3-4947-9873-3E8ED9C1BB05): 2
LogDevObjectVersion:   Dev-ReflectionCapture (6B266CEC-1EC7-4B8F-A30B-E4D90942FC07): 1
LogDevObjectVersion:   Dev-Automation (0DF73D61-A23F-47EA-B727-89E90C41499A): 1
LogDevObjectVersion:   FortniteMain (601D1886-AC64-4F84-AA16-D3DE0DEAC7D6): 27
LogDevObjectVersion:   Dev-Enterprise (9DFFBCD6-494F-0158-E221-12823C92A888): 6
LogDevObjectVersion:   Dev-Niagara (F2AED0AC-9AFE-416F-8664-AA7FFA26D6FC): 1
LogDevObjectVersion:   Dev-Destruction (174F1F0B-B4C6-45A5-B13F-2EE8D0FB917D): 9
LogInit: Presizing for max 16777216 objects, including 0 objects not considered by GC, pre-allocating 0 bytes for permanent pool.
LogInit: Object subsystem initialized
LogConfig: Setting CVar [[con.DebugEarlyDefault:1]]
LogConfig: Setting CVar [[r.setres:1280x720]]
[2020.11.06-01.39.54:777][  0]LogConfig: Setting CVar [[r.VSync:0]]
[2020.11.06-01.39.54:777][  0]LogConfig: Setting CVar [[r.RHICmdBypass:0]]
[2020.11.06-01.39.54:777][  0]LogConfig: Applying CVar settings from Section [/Script/Engine.RendererSettings] File [C:/Users/yu.nishimaki/Documents/UnrealProjects/miso/Saved/Config/Windows/Engine.ini]
[2020.11.06-01.39.54:777][  0]LogConfig: Setting CVar [[r.GPUCrashDebugging:0]]
[2020.11.06-01.39.54:777][  0]LogConfig: Applying CVar settings from Section [/Script/Engine.RendererOverrideSettings] File [C:/Users/yu.nishimaki/Documents/UnrealProjects/miso/Saved/Config/Windows/Engine.ini]
[2020.11.06-01.39.54:778][  0]LogConfig: Applying CVar settings from Section [/Script/Engine.StreamingSettings] File [C:/Users/yu.nishimaki/Documents/UnrealProjects/miso/Saved/Config/Windows/Engine.ini]
[2020.11.06-01.39.54:778][  0]LogConfig: Setting CVar [[s.MinBulkDataSizeForAsyncLoading:131072]]
[2020.11.06-01.39.54:778][  0]LogConfig: Setting CVar [[s.AsyncLoadingThreadEnabled:0]]
[2020.11.06-01.39.54:778][  0]LogConfig: Setting CVar [[s.EventDrivenLoaderEnabled:1]]
[2020.11.06-01.39.54:778][  0]LogConfig: Setting CVar [[s.WarnIfTimeLimitExceeded:0]]
[2020.11.06-01.39.54:778][  0]LogConfig: Setting CVar [[s.TimeLimitExceededMultiplier:1.5]]
[2020.11.06-01.39.54:778][  0]LogConfig: Setting CVar [[s.TimeLimitExceededMinTime:0.005]]
[2020.11.06-01.39.54:778][  0]LogConfig: Setting CVar [[s.UseBackgroundLevelStreaming:1]]
[2020.11.06-01.39.54:778][  0]LogConfig: Setting CVar [[s.PriorityAsyncLoadingExtraTime:15.0]]
[2020.11.06-01.39.54:778][  0]LogConfig: Setting CVar [[s.LevelStreamingActorsUpdateTimeLimit:5.0]]
[2020.11.06-01.39.54:778][  0]LogConfig: Setting CVar [[s.PriorityLevelStreamingActorsUpdateExtraTime:5.0]]
[2020.11.06-01.39.54:778][  0]LogConfig: Setting CVar [[s.LevelStreamingComponentsRegistrationGranularity:10]]
[2020.11.06-01.39.54:778][  0]LogConfig: Setting CVar [[s.UnregisterComponentsTimeLimit:1.0]]
[2020.11.06-01.39.54:778][  0]LogConfig: Setting CVar [[s.LevelStreamingComponentsUnregistrationGranularity:5]]
[2020.11.06-01.39.54:778][  0]LogConfig: Applying CVar settings from Section [/Script/Engine.GarbageCollectionSettings] File [C:/Users/yu.nishimaki/Documents/UnrealProjects/miso/Saved/Config/Windows/Engine.ini]
[2020.11.06-01.39.54:778][  0]LogConfig: Setting CVar [[gc.MaxObjectsNotConsideredByGC:1]]
[2020.11.06-01.39.54:778][  0]LogConfig: Setting CVar [[gc.SizeOfPermanentObjectPool:0]]
[2020.11.06-01.39.54:778][  0]LogConfig: Setting CVar [[gc.FlushStreamingOnGC:0]]
[2020.11.06-01.39.54:778][  0]LogConfig: Setting CVar [[gc.NumRetriesBeforeForcingGC:10]]
[2020.11.06-01.39.54:778][  0]LogConfig: Setting CVar [[gc.AllowParallelGC:1]]
[2020.11.06-01.39.54:778][  0]LogConfig: Setting CVar [[gc.TimeBetweenPurgingPendingKillObjects:61.1]]
[2020.11.06-01.39.54:778][  0]LogConfig: Setting CVar [[gc.MaxObjectsInEditor:16777216]]
[2020.11.06-01.39.54:778][  0]LogConfig: Setting CVar [[gc.IncrementalBeginDestroyEnabled:1]]
[2020.11.06-01.39.54:778][  0]LogConfig: Setting CVar [[gc.CreateGCClusters:1]]
[2020.11.06-01.39.54:778][  0]LogConfig: Setting CVar [[gc.MinGCClusterSize:5]]
[2020.11.06-01.39.54:778][  0]LogConfig: Setting CVar [[gc.ActorClusteringEnabled:0]]
[2020.11.06-01.39.54:778][  0]LogConfig: Setting CVar [[gc.BlueprintClusteringEnabled:0]]
[2020.11.06-01.39.54:778][  0]LogConfig: Setting CVar [[gc.UseDisregardForGCOnDedicatedServers:0]]
[2020.11.06-01.39.54:778][  0]LogConfig: Applying CVar settings from Section [/Script/Engine.NetworkSettings] File [C:/Users/yu.nishimaki/Documents/UnrealProjects/miso/Saved/Config/Windows/Engine.ini]
[2020.11.06-01.39.54:778][  0]LogConfig: Applying CVar settings from Section [/Script/UnrealEd.CookerSettings] File [C:/Users/yu.nishimaki/Documents/UnrealProjects/miso/Saved/Config/Windows/Engine.ini]
[2020.11.06-01.39.54:782][  0]LogConfig: Applying CVar settings from Section [ViewDistanceQuality@3] File [C:/Users/yu.nishimaki/Documents/UnrealProjects/miso/Saved/Config/Windows/Scalability.ini]
[2020.11.06-01.39.54:782][  0]LogConfig: Setting CVar [[r.SkeletalMeshLODBias:0]]
[2020.11.06-01.39.54:782][  0]LogConfig: Setting CVar [[r.ViewDistanceScale:1.0]]
[2020.11.06-01.39.54:782][  0]LogConfig: Applying CVar settings from Section [AntiAliasingQuality@3] File [C:/Users/yu.nishimaki/Documents/UnrealProjects/miso/Saved/Config/Windows/Scalability.ini]
[2020.11.06-01.39.54:782][  0]LogConfig: Setting CVar [[r.PostProcessAAQuality:4]]
[2020.11.06-01.39.54:782][  0]LogConfig: Applying CVar settings from Section [ShadowQuality@3] File [C:/Users/yu.nishimaki/Documents/UnrealProjects/miso/Saved/Config/Windows/Scalability.ini]
[2020.11.06-01.39.54:782][  0]LogConfig: Setting CVar [[r.LightFunctionQuality:1]]
[2020.11.06-01.39.54:782][  0]LogConfig: Setting CVar [[r.ShadowQuality:5]]
[2020.11.06-01.39.54:782][  0]LogConfig: Setting CVar [[r.Shadow.CSM.MaxCascades:10]]
[2020.11.06-01.39.54:782][  0]LogConfig: Setting CVar [[r.Shadow.MaxResolution:2048]]
[2020.11.06-01.39.54:782][  0]LogConfig: Setting CVar [[r.Shadow.MaxCSMResolution:2048]]
[2020.11.06-01.39.54:782][  0]LogConfig: Setting CVar [[r.Shadow.RadiusThreshold:0.01]]
[2020.11.06-01.39.54:782][  0]LogConfig: Setting CVar [[r.Shadow.DistanceScale:1.0]]
[2020.11.06-01.39.54:782][  0]LogConfig: Setting CVar [[r.Shadow.CSM.TransitionScale:1.0]]
[2020.11.06-01.39.54:782][  0]LogConfig: Setting CVar [[r.Shadow.PreShadowResolutionFactor:1.0]]
[2020.11.06-01.39.54:782][  0]LogConfig: Setting CVar [[r.DistanceFieldShadowing:1]]
[2020.11.06-01.39.54:782][  0]LogConfig: Setting CVar [[r.DistanceFieldAO:1]]
[2020.11.06-01.39.54:782][  0]LogConfig: Setting CVar [[r.AOQuality:2]]
[2020.11.06-01.39.54:782][  0]LogConfig: Setting CVar [[r.VolumetricFog:1]]
[2020.11.06-01.39.54:782][  0]LogConfig: Setting CVar [[r.VolumetricFog.GridPixelSize:8]]
[2020.11.06-01.39.54:782][  0]LogConfig: Setting CVar [[r.VolumetricFog.GridSizeZ:128]]
[2020.11.06-01.39.54:782][  0]LogConfig: Setting CVar [[r.VolumetricFog.HistoryMissSupersampleCount:4]]
[2020.11.06-01.39.54:782][  0]LogConfig: Setting CVar [[r.LightMaxDrawDistanceScale:1]]
[2020.11.06-01.39.54:782][  0]LogConfig: Setting CVar [[r.CapsuleShadows:1]]
[2020.11.06-01.39.54:782][  0]LogConfig: Applying CVar settings from Section [PostProcessQuality@3] File [C:/Users/yu.nishimaki/Documents/UnrealProjects/miso/Saved/Config/Windows/Scalability.ini]
[2020.11.06-01.39.54:782][  0]LogConfig: Setting CVar [[r.MotionBlurQuality:4]]
[2020.11.06-01.39.54:782][  0]LogConfig: Setting CVar [[r.AmbientOcclusionMipLevelFactor:0.4]]
[2020.11.06-01.39.54:782][  0]LogConfig: Setting CVar [[r.AmbientOcclusionMaxQuality:100]]
[2020.11.06-01.39.54:782][  0]LogConfig: Setting CVar [[r.AmbientOcclusionLevels:-1]]
[2020.11.06-01.39.54:782][  0]LogConfig: Setting CVar [[r.AmbientOcclusionRadiusScale:1.0]]
[2020.11.06-01.39.54:782][  0]LogConfig: Setting CVar [[r.DepthOfFieldQuality:2]]
[2020.11.06-01.39.54:782][  0]LogConfig: Setting CVar [[r.RenderTargetPoolMin:400]]
[2020.11.06-01.39.54:782][  0]LogConfig: Setting CVar [[r.LensFlareQuality:2]]
[2020.11.06-01.39.54:783][  0]LogConfig: Setting CVar [[r.SceneColorFringeQuality:1]]
[2020.11.06-01.39.54:783][  0]LogConfig: Setting CVar [[r.EyeAdaptationQuality:2]]
[2020.11.06-01.39.54:783][  0]LogConfig: Setting CVar [[r.BloomQuality:5]]
[2020.11.06-01.39.54:783][  0]LogConfig: Setting CVar [[r.FastBlurThreshold:100]]
[2020.11.06-01.39.54:783][  0]LogConfig: Setting CVar [[r.Upscale.Quality:3]]
[2020.11.06-01.39.54:783][  0]LogConfig: Setting CVar [[r.Tonemapper.GrainQuantization:1]]
[2020.11.06-01.39.54:783][  0]LogConfig: Setting CVar [[r.LightShaftQuality:1]]
[2020.11.06-01.39.54:783][  0]LogConfig: Setting CVar [[r.Filter.SizeScale:1]]
[2020.11.06-01.39.54:783][  0]LogConfig: Setting CVar [[r.Tonemapper.Quality:5]]
[2020.11.06-01.39.54:783][  0]LogConfig: Setting CVar [[r.DOF.Gather.AccumulatorQuality:1        ; higher gathering accumulator quality]]
[2020.11.06-01.39.54:783][  0]LogConfig: Setting CVar [[r.DOF.Gather.PostfilterMethod:1          ; Median3x3 postfilering method]]
[2020.11.06-01.39.54:783][  0]LogConfig: Setting CVar [[r.DOF.Gather.EnableBokehSettings:0       ; no bokeh simulation when gathering]]
[2020.11.06-01.39.54:783][  0]LogConfig: Setting CVar [[r.DOF.Gather.RingCount:4                 ; medium number of samples when gathering]]
[2020.11.06-01.39.54:783][  0]LogConfig: Setting CVar [[r.DOF.Scatter.ForegroundCompositing:1    ; additive foreground scattering]]
[2020.11.06-01.39.54:783][  0]LogConfig: Setting CVar [[r.DOF.Scatter.BackgroundCompositing:2    ; additive background scattering]]
[2020.11.06-01.39.54:783][  0]LogConfig: Setting CVar [[r.DOF.Scatter.EnableBokehSettings:1      ; bokeh simulation when scattering]]
[2020.11.06-01.39.54:783][  0]LogConfig: Setting CVar [[r.DOF.Scatter.MaxSpriteRatio:0.1         ; only a maximum of 10% of scattered bokeh]]
[2020.11.06-01.39.54:783][  0]LogConfig: Setting CVar [[r.DOF.Recombine.Quality:1                ; cheap slight out of focus]]
[2020.11.06-01.39.54:783][  0]LogConfig: Setting CVar [[r.DOF.Recombine.EnableBokehSettings:0    ; no bokeh simulation on slight out of focus]]
[2020.11.06-01.39.54:783][  0]LogConfig: Setting CVar [[r.DOF.TemporalAAQuality:1                ; more stable temporal accumulation]]
[2020.11.06-01.39.54:783][  0]LogConfig: Setting CVar [[r.DOF.Kernel.MaxForegroundRadius:0.025]]
[2020.11.06-01.39.54:783][  0]LogConfig: Setting CVar [[r.DOF.Kernel.MaxBackgroundRadius:0.025]]
[2020.11.06-01.39.54:783][  0]LogConfig: Applying CVar settings from Section [TextureQuality@3] File [C:/Users/yu.nishimaki/Documents/UnrealProjects/miso/Saved/Config/Windows/Scalability.ini]
[2020.11.06-01.39.54:783][  0]LogConfig: Setting CVar [[r.Streaming.MipBias:0]]
[2020.11.06-01.39.54:783][  0]LogConfig: Setting CVar [[r.Streaming.AmortizeCPUToGPUCopy:0]]
[2020.11.06-01.39.54:783][  0]LogConfig: Setting CVar [[r.Streaming.MaxNumTexturesToStreamPerFrame:0]]
[2020.11.06-01.39.54:783][  0]LogConfig: Setting CVar [[r.Streaming.Boost:1]]
[2020.11.06-01.39.54:783][  0]LogConfig: Setting CVar [[r.MaxAnisotropy:8]]
[2020.11.06-01.39.54:783][  0]LogConfig: Setting CVar [[r.Streaming.LimitPoolSizeToVRAM:0]]
[2020.11.06-01.39.54:783][  0]LogConfig: Setting CVar [[r.Streaming.PoolSize:1000]]
[2020.11.06-01.39.54:783][  0]LogConfig: Setting CVar [[r.Streaming.MaxEffectiveScreenSize:0]]
[2020.11.06-01.39.54:783][  0]LogConfig: Applying CVar settings from Section [EffectsQuality@3] File [C:/Users/yu.nishimaki/Documents/UnrealProjects/miso/Saved/Config/Windows/Scalability.ini]
[2020.11.06-01.39.54:783][  0]LogConfig: Setting CVar [[r.TranslucencyLightingVolumeDim:64]]
[2020.11.06-01.39.54:783][  0]LogConfig: Setting CVar [[r.RefractionQuality:2]]
[2020.11.06-01.39.54:783][  0]LogConfig: Setting CVar [[r.SSR.Quality:3]]
[2020.11.06-01.39.54:783][  0]LogConfig: Setting CVar [[r.SceneColorFormat:4]]
[2020.11.06-01.39.54:783][  0]LogConfig: Setting CVar [[r.DetailMode:2]]
[2020.11.06-01.39.54:783][  0]LogConfig: Setting CVar [[r.TranslucencyVolumeBlur:1]]
[2020.11.06-01.39.54:783][  0]LogConfig: Setting CVar [[r.MaterialQualityLevel:1 ; High quality]]
[2020.11.06-01.39.54:783][  0]LogConfig: Setting CVar [[r.SSS.Scale:1]]
[2020.11.06-01.39.54:783][  0]LogConfig: Setting CVar [[r.SSS.SampleSet:2]]
[2020.11.06-01.39.54:783][  0]LogConfig: Setting CVar [[r.SSS.Quality:1]]
[2020.11.06-01.39.54:783][  0]LogConfig: Setting CVar [[r.SSS.HalfRes:1]]
[2020.11.06-01.39.54:783][  0]LogConfig: Setting CVar [[r.EmitterSpawnRateScale:1.0]]
[2020.11.06-01.39.54:783][  0]LogConfig: Setting CVar [[r.ParticleLightQuality:2]]
[2020.11.06-01.39.54:783][  0]LogConfig: Applying CVar settings from Section [FoliageQuality@3] File [C:/Users/yu.nishimaki/Documents/UnrealProjects/miso/Saved/Config/Windows/Scalability.ini]
[2020.11.06-01.39.54:783][  0]LogConfig: Setting CVar [[foliage.DensityScale:1.0]]
[2020.11.06-01.39.54:783][  0]LogConfig: Setting CVar [[grass.DensityScale:1.0]]
[2020.11.06-01.39.54:783][  0]LogInit: Selected Device Profile: [Windows]
[2020.11.06-01.39.54:783][  0]LogInit: Applying CVar settings loaded from the selected device profile: [Windows]
[2020.11.06-01.39.54:787][  0]LogHAL: Display: Platform has ~ 16 GB [17019465728 / 17179869184 / 16], which maps to Larger [LargestMinGB=32, LargerMinGB=12, DefaultMinGB=8, SmallerMinGB=6, SmallestMinGB=0)
[2020.11.06-01.39.54:787][  0]LogInit: Going up to parent DeviceProfile []
[2020.11.06-01.39.54:787][  0]LogConfig: Applying CVar settings from Section [ViewDistanceQuality@0] File [C:/Users/yu.nishimaki/Documents/UnrealProjects/miso/Saved/Config/Windows/Scalability.ini]
[2020.11.06-01.39.54:787][  0]LogConfig: Setting CVar [[r.SkeletalMeshLODBias:2]]
[2020.11.06-01.39.54:787][  0]LogConfig: Setting CVar [[r.ViewDistanceScale:0.4]]
[2020.11.06-01.39.54:787][  0]LogConfig: Applying CVar settings from Section [AntiAliasingQuality@2] File [C:/Users/yu.nishimaki/Documents/UnrealProjects/miso/Saved/Config/Windows/Scalability.ini]
[2020.11.06-01.39.54:787][  0]LogConfig: Setting CVar [[r.PostProcessAAQuality:3]]
[2020.11.06-01.39.54:787][  0]LogConfig: Applying CVar settings from Section [ShadowQuality@0] File [C:/Users/yu.nishimaki/Documents/UnrealProjects/miso/Saved/Config/Windows/Scalability.ini]
[2020.11.06-01.39.54:787][  0]LogConfig: Setting CVar [[r.LightFunctionQuality:0]]
[2020.11.06-01.39.54:787][  0]LogConfig: Setting CVar [[r.ShadowQuality:0]]
[2020.11.06-01.39.54:787][  0]LogConfig: Setting CVar [[r.Shadow.CSM.MaxCascades:1]]
[2020.11.06-01.39.54:787][  0]LogConfig: Setting CVar [[r.Shadow.MaxResolution:512]]
[2020.11.06-01.39.54:787][  0]LogConfig: Setting CVar [[r.Shadow.MaxCSMResolution:512]]
[2020.11.06-01.39.54:787][  0]LogConfig: Setting CVar [[r.Shadow.RadiusThreshold:0.06]]
[2020.11.06-01.39.54:787][  0]LogConfig: Setting CVar [[r.Shadow.DistanceScale:0.6]]
[2020.11.06-01.39.54:787][  0]LogConfig: Setting CVar [[r.Shadow.CSM.TransitionScale:0]]
[2020.11.06-01.39.54:787][  0]LogConfig: Setting CVar [[r.Shadow.PreShadowResolutionFactor:0.5]]
[2020.11.06-01.39.54:788][  0]LogConfig: Setting CVar [[r.DistanceFieldShadowing:0]]
[2020.11.06-01.39.54:788][  0]LogConfig: Setting CVar [[r.DistanceFieldAO:0]]
[2020.11.06-01.39.54:788][  0]LogConfig: Setting CVar [[r.VolumetricFog:0]]
[2020.11.06-01.39.54:788][  0]LogConfig: Setting CVar [[r.LightMaxDrawDistanceScale:0]]
[2020.11.06-01.39.54:788][  0]LogConfig: Setting CVar [[r.CapsuleShadows:0]]
[2020.11.06-01.39.54:788][  0]LogConfig: Applying CVar settings from Section [PostProcessQuality@0] File [C:/Users/yu.nishimaki/Documents/UnrealProjects/miso/Saved/Config/Windows/Scalability.ini]
[2020.11.06-01.39.54:788][  0]LogConfig: Setting CVar [[r.MotionBlurQuality:0]]
[2020.11.06-01.39.54:788][  0]LogConfig: Setting CVar [[r.AmbientOcclusionMipLevelFactor:1.0]]
[2020.11.06-01.39.54:788][  0]LogConfig: Setting CVar [[r.AmbientOcclusionMaxQuality:0]]
[2020.11.06-01.39.54:788][  0]LogConfig: Setting CVar [[r.AmbientOcclusionLevels:0]]
[2020.11.06-01.39.54:788][  0]LogConfig: Setting CVar [[r.AmbientOcclusionRadiusScale:1.2]]
[2020.11.06-01.39.54:788][  0]LogConfig: Setting CVar [[r.DepthOfFieldQuality:0]]
[2020.11.06-01.39.54:788][  0]LogConfig: Setting CVar [[r.RenderTargetPoolMin:300]]
[2020.11.06-01.39.54:788][  0]LogConfig: Setting CVar [[r.LensFlareQuality:0]]
[2020.11.06-01.39.54:788][  0]LogConfig: Setting CVar [[r.SceneColorFringeQuality:0]]
[2020.11.06-01.39.54:788][  0]LogConfig: Setting CVar [[r.EyeAdaptationQuality:0]]
[2020.11.06-01.39.54:788][  0]LogConfig: Setting CVar [[r.BloomQuality:4]]
[2020.11.06-01.39.54:788][  0]LogConfig: Setting CVar [[r.FastBlurThreshold:0]]
[2020.11.06-01.39.54:788][  0]LogConfig: Setting CVar [[r.Upscale.Quality:1]]
[2020.11.06-01.39.54:788][  0]LogConfig: Setting CVar [[r.Tonemapper.GrainQuantization:0]]
[2020.11.06-01.39.54:788][  0]LogConfig: Setting CVar [[r.LightShaftQuality:0]]
[2020.11.06-01.39.54:788][  0]LogConfig: Setting CVar [[r.Filter.SizeScale:0.6]]
[2020.11.06-01.39.54:788][  0]LogConfig: Setting CVar [[r.Tonemapper.Quality:0]]
[2020.11.06-01.39.54:788][  0]LogConfig: Applying CVar settings from Section [TextureQuality@0] File [C:/Users/yu.nishimaki/Documents/UnrealProjects/miso/Saved/Config/Windows/Scalability.ini]
[2020.11.06-01.39.54:788][  0]LogConfig: Setting CVar [[r.Streaming.MipBias:16]]
[2020.11.06-01.39.54:788][  0]LogConfig: Setting CVar [[r.Streaming.AmortizeCPUToGPUCopy:1]]
[2020.11.06-01.39.54:788][  0]LogConfig: Setting CVar [[r.Streaming.MaxNumTexturesToStreamPerFrame:1]]
[2020.11.06-01.39.54:788][  0]LogConfig: Setting CVar [[r.Streaming.Boost:0.3]]
[2020.11.06-01.39.54:788][  0]LogConfig: Setting CVar [[r.MaxAnisotropy:0]]
[2020.11.06-01.39.54:788][  0]LogConfig: Setting CVar [[r.Streaming.LimitPoolSizeToVRAM:1]]
[2020.11.06-01.39.54:788][  0]LogConfig: Setting CVar [[r.Streaming.PoolSize:400]]
[2020.11.06-01.39.54:788][  0]LogConfig: Setting CVar [[r.Streaming.MaxEffectiveScreenSize:0]]
[2020.11.06-01.39.54:788][  0]LogConfig: Applying CVar settings from Section [EffectsQuality@0] File [C:/Users/yu.nishimaki/Documents/UnrealProjects/miso/Saved/Config/Windows/Scalability.ini]
[2020.11.06-01.39.54:788][  0]LogConfig: Setting CVar [[r.TranslucencyLightingVolumeDim:24]]
[2020.11.06-01.39.54:788][  0]LogConfig: Setting CVar [[r.RefractionQuality:0]]
[2020.11.06-01.39.54:788][  0]LogConfig: Setting CVar [[r.SSR.Quality:0]]
[2020.11.06-01.39.54:788][  0]LogConfig: Setting CVar [[r.SceneColorFormat:3]]
[2020.11.06-01.39.54:788][  0]LogConfig: Setting CVar [[r.DetailMode:0]]
[2020.11.06-01.39.54:788][  0]LogConfig: Setting CVar [[r.TranslucencyVolumeBlur:0]]
[2020.11.06-01.39.54:788][  0]LogConfig: Setting CVar [[r.MaterialQualityLevel:0 ; Low quality]]
[2020.11.06-01.39.54:788][  0]LogConfig: Setting CVar [[r.SSS.Scale:0]]
[2020.11.06-01.39.54:788][  0]LogConfig: Setting CVar [[r.SSS.SampleSet:0]]
[2020.11.06-01.39.54:788][  0]LogConfig: Setting CVar [[r.SSS.Quality:0]]
[2020.11.06-01.39.54:788][  0]LogConfig: Setting CVar [[r.SSS.HalfRes:1]]
[2020.11.06-01.39.54:788][  0]LogConfig: Setting CVar [[r.EmitterSpawnRateScale:0.125]]
[2020.11.06-01.39.54:788][  0]LogConfig: Setting CVar [[r.ParticleLightQuality:0]]
[2020.11.06-01.39.54:788][  0]LogConfig: Applying CVar settings from Section [FoliageQuality@0] File [C:/Users/yu.nishimaki/Documents/UnrealProjects/miso/Saved/Config/Windows/Scalability.ini]
[2020.11.06-01.39.54:788][  0]LogConfig: Setting CVar [[foliage.DensityScale:0]]
[2020.11.06-01.39.54:788][  0]LogConfig: Setting CVar [[grass.DensityScale:0]]
[2020.11.06-01.39.54:788][  0]LogConfig: Applying CVar settings from Section [Startup] File [../../../Engine/Config/ConsoleVariables.ini]
[2020.11.06-01.39.54:788][  0]LogConfig: Setting CVar [[net.UseAdaptiveNetUpdateFrequency:0]]
[2020.11.06-01.39.54:788][  0]LogConfig: Setting CVar [[p.chaos.AllowCreatePhysxBodies:1]]
[2020.11.06-01.39.54:788][  0]LogConfig: Applying CVar settings from Section [ConsoleVariables] File [C:/Users/yu.nishimaki/Documents/UnrealProjects/miso/Saved/Config/Windows/Engine.ini]
[2020.11.06-01.39.54:789][  0]LogInit: Computer: DESKTOP-3RSIE82
[2020.11.06-01.39.54:789][  0]LogInit: User: yunishimaki
[2020.11.06-01.39.54:789][  0]LogInit: CPU Page size=4096, Cores=6
[2020.11.06-01.39.54:789][  0]LogInit: High frequency timer resolution =10.000000 MHz
[2020.11.06-01.39.54:789][  0]LogMemory: Memory total: Physical=15.9GB (16GB approx)
[2020.11.06-01.39.54:789][  0]LogMemory: Platform Memory Stats for Windows
[2020.11.06-01.39.54:789][  0]LogMemory: Process Physical Memory: 119.97 MB used, 119.97 MB peak
[2020.11.06-01.39.54:789][  0]LogMemory: Process Virtual Memory: 101.66 MB used, 101.66 MB peak
[2020.11.06-01.39.54:789][  0]LogMemory: Physical Memory: 6486.77 MB used,  9744.26 MB free, 16231.03 MB total
[2020.11.06-01.39.54:789][  0]LogMemory: Virtual Memory: 4687.10 MB used,  134213040.00 MB free, 134217728.00 MB total
[2020.11.06-01.39.54:793][  0]LogWindows: WindowsPlatformFeatures enabled
[2020.11.06-01.39.54:831][  0]LogInit: Using OS detected language (ja-JP).
[2020.11.06-01.39.54:831][  0]LogInit: Using OS detected locale (ja-JP).
[2020.11.06-01.39.54:833][  0]LogTextLocalizationManager: No specific localization for 'ja-JP' exists, so the 'ja' localization will be used.
[2020.11.06-01.39.54:960][  0]LogInit: Setting process to per monitor DPI aware
[2020.11.06-01.39.55:031][  0]LogSlate: New Slate User Created.  User Index 0, Is Virtual User: 0
[2020.11.06-01.39.55:031][  0]LogSlate: Slate User Registered.  User Index 0, Is Virtual User: 0
[2020.11.06-01.39.55:278][  0]LogHMD: Failed to initialize OpenVR with code 110
[2020.11.06-01.39.55:278][  0]LogD3D11RHI: D3D11 adapters:
[2020.11.06-01.39.55:364][  0]LogD3D11RHI:    0. 'NVIDIA GeForce GTX 1060' (Feature Level 11_0)
[2020.11.06-01.39.55:364][  0]LogD3D11RHI:       6052/0/8115 MB DedicatedVideo/DedicatedSystem/SharedSystem, Outputs:1, VendorId:0x10de
[2020.11.06-01.39.55:395][  0]LogD3D11RHI:    1. 'Intel(R) UHD Graphics 630' (Feature Level 11_0)
[2020.11.06-01.39.55:395][  0]LogD3D11RHI:       128/0/8115 MB DedicatedVideo/DedicatedSystem/SharedSystem, Outputs:0, VendorId:0x8086
[2020.11.06-01.39.55:399][  0]LogD3D11RHI:    2. 'Microsoft Basic Render Driver' (Feature Level 11_0)
[2020.11.06-01.39.55:399][  0]LogD3D11RHI:       0/0/8115 MB DedicatedVideo/DedicatedSystem/SharedSystem, Outputs:0, VendorId:0x1414
[2020.11.06-01.39.55:399][  0]LogD3D11RHI: Chosen D3D11 Adapter: 0
[2020.11.06-01.39.55:430][  0]LogD3D11RHI: Creating new Direct3DDevice
[2020.11.06-01.39.55:430][  0]LogD3D11RHI:     GPU DeviceId: 0x1c20 (for the marketing name, search the web for "GPU Device Id")
[2020.11.06-01.39.55:430][  0]LogWindows: EnumDisplayDevices:
[2020.11.06-01.39.55:431][  0]LogWindows:    0. 'Intel(R) UHD Graphics 630' (P:1 D:1)
[2020.11.06-01.39.55:431][  0]LogWindows:    1. 'Intel(R) UHD Graphics 630' (P:0 D:0)
[2020.11.06-01.39.55:431][  0]LogWindows:    2. 'Intel(R) UHD Graphics 630' (P:0 D:0)
[2020.11.06-01.39.55:431][  0]LogWindows:    3. 'NVIDIA GeForce GTX 1060' (P:0 D:0)
[2020.11.06-01.39.55:432][  0]LogWindows:    4. 'NVIDIA GeForce GTX 1060' (P:0 D:0)
[2020.11.06-01.39.55:432][  0]LogWindows:    5. 'NVIDIA GeForce GTX 1060' (P:0 D:0)
[2020.11.06-01.39.55:432][  0]LogWindows:    6. 'NVIDIA GeForce GTX 1060' (P:0 D:0)
[2020.11.06-01.39.55:432][  0]LogWindows: DebugString: PrimaryIsNotTheChoosenAdapter PrimaryIsNotTheChoosenAdapter PrimaryIsNotTheChoosenAdapter FoundDriverCount:4 
[2020.11.06-01.39.55:432][  0]LogD3D11RHI:     Adapter Name: NVIDIA GeForce GTX 1060
[2020.11.06-01.39.55:432][  0]LogD3D11RHI:   Driver Version: 399.01 (internal:24.21.13.9901, unified:399.01)
[2020.11.06-01.39.55:432][  0]LogD3D11RHI:      Driver Date: 8-13-2018
[2020.11.06-01.39.55:432][  0]LogRHI: Texture pool is 4236 MB (70% of 6052 MB)
[2020.11.06-01.39.55:479][  0]LogD3D11RHI: Async texture creation enabled
[2020.11.06-01.39.55:497][  0]LogD3D11RHI: GPU Timing Frequency: 1000.000000 (Debug: 2 2)
[2020.11.06-01.39.55:876][  0]LogTemp: Display: Module 'AllDesktopTargetPlatform' loaded TargetPlatform 'AllDesktop'
[2020.11.06-01.39.55:885][  0]LogTemp: Display: Module 'MacClientTargetPlatform' loaded TargetPlatform 'MacClient'
[2020.11.06-01.39.55:895][  0]LogTemp: Display: Module 'MacNoEditorTargetPlatform' loaded TargetPlatform 'MacNoEditor'
[2020.11.06-01.39.55:905][  0]LogTemp: Display: Module 'MacServerTargetPlatform' loaded TargetPlatform 'MacServer'
[2020.11.06-01.39.55:915][  0]LogTemp: Display: Module 'MacTargetPlatform' loaded TargetPlatform 'Mac'
[2020.11.06-01.39.55:927][  0]LogTemp: Display: Module 'WindowsClientTargetPlatform' loaded TargetPlatform 'WindowsClient'
[2020.11.06-01.39.55:940][  0]LogTemp: Display: Module 'WindowsNoEditorTargetPlatform' loaded TargetPlatform 'WindowsNoEditor'
[2020.11.06-01.39.55:953][  0]LogTemp: Display: Module 'WindowsServerTargetPlatform' loaded TargetPlatform 'WindowsServer'
[2020.11.06-01.39.55:959][  0]LogTemp: Display: Module 'WindowsTargetPlatform' loaded TargetPlatform 'Windows'
[2020.11.06-01.39.56:002][  0]LogTemp: Display: Module 'AndroidTargetPlatform' loaded TargetPlatform 'Android'
[2020.11.06-01.39.56:002][  0]LogTemp: Display: Module 'AndroidTargetPlatform' loaded TargetPlatform 'Android_ASTC'
[2020.11.06-01.39.56:002][  0]LogTemp: Display: Module 'AndroidTargetPlatform' loaded TargetPlatform 'Android_ATC'
[2020.11.06-01.39.56:002][  0]LogTemp: Display: Module 'AndroidTargetPlatform' loaded TargetPlatform 'Android_DXT'
[2020.11.06-01.39.56:003][  0]LogTemp: Display: Module 'AndroidTargetPlatform' loaded TargetPlatform 'Android_ETC1'
[2020.11.06-01.39.56:003][  0]LogTemp: Display: Module 'AndroidTargetPlatform' loaded TargetPlatform 'Android_ETC1a'
[2020.11.06-01.39.56:003][  0]LogTemp: Display: Module 'AndroidTargetPlatform' loaded TargetPlatform 'Android_ETC2'
[2020.11.06-01.39.56:003][  0]LogTemp: Display: Module 'AndroidTargetPlatform' loaded TargetPlatform 'Android_PVRTC'
[2020.11.06-01.39.56:003][  0]LogTemp: Display: Module 'AndroidTargetPlatform' loaded TargetPlatform 'AndroidClient'
[2020.11.06-01.39.56:003][  0]LogTemp: Display: Module 'AndroidTargetPlatform' loaded TargetPlatform 'Android_ASTCClient'
[2020.11.06-01.39.56:003][  0]LogTemp: Display: Module 'AndroidTargetPlatform' loaded TargetPlatform 'Android_ATCClient'
[2020.11.06-01.39.56:003][  0]LogTemp: Display: Module 'AndroidTargetPlatform' loaded TargetPlatform 'Android_DXTClient'
[2020.11.06-01.39.56:003][  0]LogTemp: Display: Module 'AndroidTargetPlatform' loaded TargetPlatform 'Android_ETC1Client'
[2020.11.06-01.39.56:003][  0]LogTemp: Display: Module 'AndroidTargetPlatform' loaded TargetPlatform 'Android_ETC1aClient'
[2020.11.06-01.39.56:003][  0]LogTemp: Display: Module 'AndroidTargetPlatform' loaded TargetPlatform 'Android_ETC2Client'
[2020.11.06-01.39.56:003][  0]LogTemp: Display: Module 'AndroidTargetPlatform' loaded TargetPlatform 'Android_PVRTCClient'
[2020.11.06-01.39.56:003][  0]LogTemp: Display: Module 'AndroidTargetPlatform' loaded TargetPlatform 'Android_Multi'
[2020.11.06-01.39.56:003][  0]LogTemp: Display: Module 'AndroidTargetPlatform' loaded TargetPlatform 'Android_MultiClient'
[2020.11.06-01.39.56:005][  0]LogTemp: Display: Module 'HTML5TargetPlatform' loaded TargetPlatform 'HTML5'
[2020.11.06-01.39.56:023][  0]LogTemp: Display: Module 'IOSTargetPlatform' loaded TargetPlatform 'IOSClient'
[2020.11.06-01.39.56:023][  0]LogTemp: Display: Module 'IOSTargetPlatform' loaded TargetPlatform 'IOS'
[2020.11.06-01.39.56:038][  0]LogTemp: Display: Module 'TVOSTargetPlatform' loaded TargetPlatform 'TVOSClient'
[2020.11.06-01.39.56:038][  0]LogTemp: Display: Module 'TVOSTargetPlatform' loaded TargetPlatform 'TVOS'
[2020.11.06-01.39.56:047][  0]LogTemp: Display: Module 'LinuxClientTargetPlatform' loaded TargetPlatform 'LinuxClient'
[2020.11.06-01.39.56:056][  0]LogTemp: Display: Module 'LinuxNoEditorTargetPlatform' loaded TargetPlatform 'LinuxNoEditor'
[2020.11.06-01.39.56:065][  0]LogTemp: Display: Module 'LinuxServerTargetPlatform' loaded TargetPlatform 'LinuxServer'
[2020.11.06-01.39.56:076][  0]LogTemp: Display: Module 'LinuxTargetPlatform' loaded TargetPlatform 'Linux'
[2020.11.06-01.39.56:108][  0]LogTemp: Display: Module 'LuminTargetPlatform' loaded TargetPlatform 'Lumin'
[2020.11.06-01.39.56:108][  0]LogTemp: Display: Module 'LuminTargetPlatform' loaded TargetPlatform 'LuminClient'
[2020.11.06-01.39.56:108][  0]LogTargetPlatformManager: Display: Building Assets For Windows
[2020.11.06-01.39.56:121][  0]LogAudioDebug: Display: Lib vorbis DLL was dynamically loaded.
[2020.11.06-01.39.56:203][  0]LogShaderCompilers: Guid format shader working directory is -13 characters bigger than the processId version (../../../../../../Users/yu.nishimaki/Documents/UnrealProjects/miso/Intermediate/Shaders/WorkingDirectory/9892/).
[2020.11.06-01.39.56:203][  0]LogShaderCompilers: Cleaned the shader compiler working directory 'C:/Users/yu.nishimaki/AppData/Local/Temp/UnrealShaderWorkingDir/9F4822AC4928DC9B475FF58F7E1610D8/'.
[2020.11.06-01.39.56:208][  0]LogShaderCompilers: Display: Using XGE Shader Compiler (Interception Interface).
[2020.11.06-01.39.56:875][  0]LogDerivedDataCache: Display: Max Cache Size: 512 MB
[2020.11.06-01.39.56:930][  0]LogDerivedDataCache: Loaded boot cache 0.05s 73MB C:/Users/yu.nishimaki/AppData/Local/UnrealEngine/4.23/DerivedDataCache/Boot.ddc.
[2020.11.06-01.39.56:930][  0]LogDerivedDataCache: Display: Loaded Boot cache: C:/Users/yu.nishimaki/AppData/Local/UnrealEngine/4.23/DerivedDataCache/Boot.ddc
[2020.11.06-01.39.56:930][  0]LogDerivedDataCache: FDerivedDataBackendGraph:  Pak pak cache file ../../../../../../Users/yu.nishimaki/Documents/UnrealProjects/miso/DerivedDataCache/DDC.ddp not found, will not use a pak cache.
[2020.11.06-01.39.56:930][  0]LogDerivedDataCache: Unable to find inner node Pak for hierarchical cache Hierarchy.
[2020.11.06-01.39.56:930][  0]LogDerivedDataCache: FDerivedDataBackendGraph:  CompressedPak pak cache file ../../../../../../Users/yu.nishimaki/Documents/UnrealProjects/miso/DerivedDataCache/Compressed.ddp not found, will not use a pak cache.
[2020.11.06-01.39.56:930][  0]LogDerivedDataCache: Unable to find inner node CompressedPak for hierarchical cache Hierarchy.
[2020.11.06-01.39.56:941][  0]LogDerivedDataCache: Display: Pak cache opened for reading ../../../Engine/DerivedDataCache/Compressed.ddp.
[2020.11.06-01.39.56:942][  0]LogDerivedDataCache: FDerivedDataBackendGraph:  EnterprisePak pak cache file ../../../Enterprise/DerivedDataCache/Compressed.ddp not found, will not use a pak cache.
[2020.11.06-01.39.56:942][  0]LogDerivedDataCache: Unable to find inner node EnterprisePak for hierarchical cache Hierarchy.
[2020.11.06-01.39.56:943][  0]LogDerivedDataCache: Using Local data cache path C:/Users/yu.nishimaki/AppData/Local/UnrealEngine/Common/DerivedDataCache: Writable
[2020.11.06-01.39.56:943][  0]LogDerivedDataCache: Shared data cache path not found in *engine.ini, will not use an Shared cache.
[2020.11.06-01.39.56:943][  0]LogDerivedDataCache: Unable to find inner node Shared for hierarchical cache Hierarchy.
[2020.11.06-01.39.56:970][  0]LogMaterial: Verifying Global Shaders for PCD3D_SM5
[2020.11.06-01.39.56:973][  0]LogSlate: Using FreeType 2.6.0
[2020.11.06-01.39.56:973][  0]LogSlate: SlateFontServices - WITH_FREETYPE: 1, WITH_HARFBUZZ: 1
[2020.11.06-01.39.57:042][  0]LogAssetRegistry: FAssetRegistry took 0.0040 seconds to start up
[2020.11.06-01.39.57:360][  0]LogInit: Selected Device Profile: [Windows]
[2020.11.06-01.39.57:570][  0]LogMeshReduction: Using QuadricMeshReduction for automatic static mesh reduction
[2020.11.06-01.39.57:570][  0]LogMeshReduction: Using SimplygonMeshReduction for automatic skeletal mesh reduction
[2020.11.06-01.39.57:570][  0]LogMeshReduction: Using ProxyLODMeshReduction for automatic mesh merging
[2020.11.06-01.39.57:570][  0]LogMeshReduction: No distributed automatic mesh merging module available
[2020.11.06-01.39.57:570][  0]LogMeshMerging: No distributed automatic mesh merging module available
[2020.11.06-01.39.57:579][  0]LogNetVersion: miso 1.0.0, NetCL: 8386587, EngineNetVer: 11, GameNetVer: 0 (Checksum: 180386821)
[2020.11.06-01.39.58:069][  0]LogPackageLocalizationCache: Processed 12 localized package path(s) for 1 prioritized culture(s) in 0.066118 seconds
[2020.11.06-01.39.58:077][  0]LogUObjectArray: 43444 objects as part of root set at end of initial load.
[2020.11.06-01.39.58:077][  0]LogUObjectAllocator: 7548648 out of 0 bytes used by permanent object pool.
[2020.11.06-01.39.58:077][  0]LogUObjectArray: CloseDisregardForGC: 0/0 objects in disregard for GC pool
[2020.11.06-01.39.59:068][  0]LogTcpMessaging: Initializing TcpMessaging bridge
[2020.11.06-01.39.59:115][  0]LogUdpMessaging: Initializing bridge on interface 0.0.0.0:0 to multicast group 230.0.0.1:6666.
[2020.11.06-01.39.59:289][  0]LogMaterial: Display: Missing cached shader map for material M_FPGun, compiling. 
[2020.11.06-01.39.59:392][  0]LogMaterial: Display: Missing cached shader map for material M_UE4Man_Body, compiling. 
[2020.11.06-01.39.59:466][  0]LogMaterial: Display: Missing cached shader map for material BaseMaterial, compiling. 
[2020.11.06-01.39.59:594][  0]SourceControl: ソースコントロールは無効です
[2020.11.06-01.39.59:594][  0]SourceControl: ソースコントロールは無効です
[2020.11.06-01.39.59:596][  0]SourceControl: ソースコントロールは無効です
[2020.11.06-01.39.59:598][  0]SourceControl: ソースコントロールは無効です
[2020.11.06-01.39.59:751][  0]LogAndroidPermission: UAndroidPermissionCallbackProxy::GetInstance
[2020.11.06-01.39.59:910][  0]LogOcInput: OculusInput pre-init called
[2020.11.06-01.39.59:922][  0]LogWindows: Failed to load 'OVRPlugin.dll' (GetLastError=126)
[2020.11.06-01.39.59:922][  0]LogWindows: File 'OVRPlugin.dll' does not exist
[2020.11.06-01.40.00:028][  0]LogEngine: Initializing Engine...
[2020.11.06-01.40.00:029][  0]LogHMD: Failed to initialize OpenVR with code 110
[2020.11.06-01.40.00:030][  0]LogStats: UGameplayTagsManager::InitializeManager -  0.000 s
[2020.11.06-01.40.00:292][  0]LogInit: Initializing FReadOnlyCVARCache
[2020.11.06-01.40.00:311][  0]LogAIModule: Creating AISystem for world Untitled
[2020.11.06-01.40.00:329][  0]LogInit: XAudio2 using 'スピーカー (Realtek(R) Audio)' : 2 channels at 48 kHz using 32 bits per sample (channel mask 0x3)
[2020.11.06-01.40.00:354][  0]LogInit: FAudioDevice initialized.
[2020.11.06-01.40.00:355][  0]LogNetVersion: Set ProjectVersion to 1.0.0.0. Version Checksum will be recalculated on next use.
[2020.11.06-01.40.00:430][  0]LogDerivedDataCache: Saved boot cache 0.07s 76MB C:/Users/yu.nishimaki/AppData/Local/UnrealEngine/4.23/DerivedDataCache/Boot.ddc.
[2020.11.06-01.40.00:435][  0]LogInit: Texture streaming: Enabled
[2020.11.06-01.40.00:459][  0]LogEngineSessionManager: EngineSessionManager initialized
[2020.11.06-01.40.00:460][  0]LogEditorSessionSummary: Verbose: Initializing EditorSessionSummaryWriter for editor session tracking
[2020.11.06-01.40.00:463][  0]LogEditorSessionSummary: EditorSessionSummaryWriter initialized
[2020.11.06-01.40.00:493][  0]LogInit: Transaction tracking system initialized
[2020.11.06-01.40.00:531][  0]BlueprintLog: New page: エディタの読み込み
[2020.11.06-01.40.00:663][  0]LocalizationService: ローカライズのサービスが無効になりました
[2020.11.06-01.40.01:496][  0]LogFileCache: Scanning file cache for directory 'C:/Users/yu.nishimaki/Documents/UnrealProjects/miso/Content/' took 0.00s
[2020.11.06-01.40.01:496][  0]LogCook: Display: Max memory allowance for cook 16384mb min free memory 0mb
[2020.11.06-01.40.01:496][  0]LogCook: Display: Mobile HDR setting 1
[2020.11.06-01.40.01:703][  0]SourceControl: ソースコントロールは無効です
[2020.11.06-01.40.01:703][  0]Cmd: MAP LOAD FILE="../../../../../../Users/yu.nishimaki/Documents/UnrealProjects/miso/Content/FirstPersonCPP/Maps/FirstPersonExampleMap.umap" TEMPLATE=0 SHOWPROGRESS=1 FEATURELEVEL=3
[2020.11.06-01.40.01:704][  0]LightingResults: New page: ライティングのビルド
[2020.11.06-01.40.01:706][  0]LogWorld: UWorld::CleanupWorld for Untitled, bSessionEnded=true, bCleanupResources=true
[2020.11.06-01.40.01:707][  0]MapCheck: New page: マップをチェック
[2020.11.06-01.40.01:707][  0]LightingResults: New page: <何も選択されていません>
[2020.11.06-01.40.01:737][  0]LogUObjectHash: Compacting FUObjectHashTables data took   2.94ms
[2020.11.06-01.40.03:413][  0]LogTexture: Display: Building textures: HQ_Lightmap1_5 (AutoDXT, 64X64)
[2020.11.06-01.40.03:413][  0]LogTexture: Display: Building textures: LQ_Lightmap_1_5 (DXT1, 64X64)
[2020.11.06-01.40.03:413][  0]LogTexture: Display: Building textures: SkyOcclusion1_1 (AutoDXT, 2048X1024)
[2020.11.06-01.40.03:413][  0]LogTexture: Display: Building textures: SkyOcclusion1_2 (AutoDXT, 2048X1024)
[2020.11.06-01.40.03:413][  0]LogTexture: Display: Building textures: LQ_Lightmap_1_4 (DXT1, 2048X2048)
[2020.11.06-01.40.03:413][  0]LogTexture: Display: Building textures: LQ_Lightmap_1_2 (DXT1, 2048X2048)
[2020.11.06-01.40.03:413][  0]LogTexture: Display: Building textures: LQ_Lightmap_1_1 (DXT1, 2048X2048)
[2020.11.06-01.40.03:413][  0]LogTexture: Display: Building textures: LQ_Lightmap_1_3 (DXT1, 2048X2048)
[2020.11.06-01.40.03:413][  0]LogTexture: Display: Building textures: HQ_Lightmap1_2 (AutoDXT, 2048X2048)
[2020.11.06-01.40.03:413][  0]LogTexture: Display: Building textures: HQ_Lightmap1_4 (AutoDXT, 2048X2048)
[2020.11.06-01.40.03:413][  0]LogTexture: Display: Building textures: HQ_Lightmap1_1 (AutoDXT, 2048X2048)
[2020.11.06-01.40.03:413][  0]LogTexture: Display: Building textures: HQ_Lightmap1_3 (AutoDXT, 2048X2048)
[2020.11.06-01.40.03:413][  0]LogTexture: Display: Building textures: SkyOcclusion1_3 (AutoDXT, 2048X1024)
[2020.11.06-01.40.03:413][  0]LogTexture: Display: Building textures: SkyOcclusion1_4 (AutoDXT, 2048X1024)
[2020.11.06-01.40.03:413][  0]LogTexture: Display: Building textures: SkyOcclusion1_5 (AutoDXT, 64X32)
[2020.11.06-01.40.03:414][  0]LogTexture: Display: Building textures: ShadowMapTexture2D_10 (G8, 1024X1024)
[2020.11.06-01.40.03:414][  0]LogTexture: Display: Building textures: ShadowMapTexture2D_11 (G8, 1024X1024)
[2020.11.06-01.40.03:414][  0]LogTexture: Display: Building textures: ShadowMapTexture2D_12 (G8, 1024X1024)
[2020.11.06-01.40.03:414][  0]LogTexture: Display: Building textures: ShadowMapTexture2D_13 (G8, 1024X1024)
[2020.11.06-01.40.03:414][  0]LogTexture: Display: Building textures: ShadowMapTexture2D_15 (G8, 32X32)
[2020.11.06-01.40.03:414][  0]LogTexture: Display: Building textures: ShadowMapTexture2D_14 (G8, 1024X1024)
[2020.11.06-01.40.03:414][  0]LogTexture: Display: Building textures: ShadowMapTexture2D_8 (G8, 1024X1024)
[2020.11.06-01.40.03:414][  0]LogTexture: Display: Building textures: ShadowMapTexture2D_9 (G8, 1024X1024)
[2020.11.06-01.40.03:416][  0]LogAIModule: Creating AISystem for world FirstPersonExampleMap
[2020.11.06-01.40.03:436][  0]LogEditorServer: Finished looking for orphan Actors (0.000 secs)
[2020.11.06-01.40.03:469][  0]LogUObjectHash: Compacting FUObjectHashTables data took   2.76ms
[2020.11.06-01.40.03:469][  0]Cmd: MAP CHECKDEP NOCLEARLOG
[2020.11.06-01.40.03:469][  0]MapCheck: マップチェックが完了: 0 エラー、 0 警告、完了に 0.268ミリ秒かかりました。
[2020.11.06-01.40.03:469][  0]LogFileHelpers: Loading map 'FirstPersonExampleMap' took 1.766
[2020.11.06-01.40.03:572][  0]LogSlate: Updating window title bar state: overlay mode, drag disabled, window buttons hidden, title bar hidden
[2020.11.06-01.40.03:579][  0]LogSlate: Updating window title bar state: overlay mode, drag disabled, window buttons hidden, title bar hidden
[2020.11.06-01.40.03:585][  0]LogSlate: Updating window title bar state: overlay mode, drag disabled, window buttons hidden, title bar hidden
[2020.11.06-01.40.03:591][  0]LogSlate: Updating window title bar state: overlay mode, drag disabled, window buttons hidden, title bar hidden
[2020.11.06-01.40.03:598][  0]LogCollectionManager: Loaded 0 collections in 0.001775 seconds
[2020.11.06-01.40.03:606][  0]LogFileCache: Scanning file cache for directory 'C:/Users/yu.nishimaki/Documents/UnrealProjects/miso/Saved/Collections/' took 0.00s
[2020.11.06-01.40.03:606][  0]LogFileCache: Scanning file cache for directory 'C:/Users/yu.nishimaki/Documents/UnrealProjects/miso/Content/Developers/yunishimaki/Collections/' took 0.00s
[2020.11.06-01.40.03:606][  0]LogFileCache: Scanning file cache for directory 'C:/Users/yu.nishimaki/Documents/UnrealProjects/miso/Content/Collections/' took 0.00s
[2020.11.06-01.40.03:606][  0]LogCollectionManager: Rebuilt the GUID cache for 0 collections in 0.000001 seconds
[2020.11.06-01.40.03:613][  0]LogContentBrowser: Native class hierarchy populated in 0.0069 seconds. Added 2874 classes and 686 folders.
[2020.11.06-01.40.03:623][  0]LogContentBrowser: Native class hierarchy updated for 'WidgetCarousel' in 0.0003 seconds. Added 0 classes and 0 folders.
[2020.11.06-01.40.03:692][  0]LogContentBrowser: Native class hierarchy updated for 'AddContentDialog' in 0.0003 seconds. Added 0 classes and 0 folders.
[2020.11.06-01.40.03:699][  0]LogContentBrowser: Native class hierarchy updated for 'SceneOutliner' in 0.0003 seconds. Added 1 classes and 2 folders.
[2020.11.06-01.40.03:709][  0]LogContentBrowser: Native class hierarchy updated for 'WorldBrowser' in 0.0006 seconds. Added 2 classes and 3 folders.
[2020.11.06-01.40.04:684][  0]LogSlate: Only BGRA pngs, bmps or icos are supported in by External Image Picker
[2020.11.06-01.40.04:728][  0]LogSlate: Took 0.000258 seconds to synchronously load lazily loaded font '../../../Engine/Content/Slate/Fonts/Roboto-Regular.ttf' (155K)
[2020.11.06-01.40.04:730][  0]LogSlate: Took 0.000515 seconds to synchronously load lazily loaded font '../../../Engine/Content/Editor/Slate/Fonts/GenEiGothicPro-Regular.otf' (707K)
[2020.11.06-01.40.04:731][  0]LogSlate: Took 0.000560 seconds to synchronously load lazily loaded font '../../../Engine/Content/Editor/Slate/Fonts/GenEiGothicPro-Bold.otf' (698K)
[2020.11.06-01.40.04:732][  0]LogSlate: Took 0.000209 seconds to synchronously load lazily loaded font '../../../Engine/Content/Slate/Fonts/Roboto-Bold.ttf' (160K)
[2020.11.06-01.40.04:738][  0]LogSlate: Took 0.000376 seconds to synchronously load lazily loaded font '../../../Engine/Content/Editor/Slate/Fonts/FontAwesome.ttf' (139K)
[2020.11.06-01.40.04:798][  0]LogRenderer: Reallocating scene render targets to support 900x420 Format 9 NumSamples 1 (Frame:1).
[2020.11.06-01.40.04:921][  0]LogContentBrowser: Native class hierarchy updated for 'HierarchicalLODOutliner' in 0.0004 seconds. Added 0 classes and 0 folders.
[2020.11.06-01.40.04:921][  0]LogLoad: (Engine Initialization) Total time: 12.02 seconds
[2020.11.06-01.40.04:921][  0]LogLoad: (Engine Initialization) Total Blueprint compile time: 0.00 seconds
[2020.11.06-01.40.04:985][  0]LogContentStreaming: Texture pool size now 400 MB
[2020.11.06-01.40.05:004][  0]LogSlate: Took 0.000269 seconds to synchronously load lazily loaded font '../../../Engine/Content/Slate/Fonts/Roboto-Light.ttf' (167K)
[2020.11.06-01.40.09:004][238]LogAssetRegistry: Asset discovery search completed in 11.9629 seconds
[2020.11.06-01.40.09:006][238]LogCollectionManager: Rebuilt the object cache for 0 collections in 0.000004 seconds (found 0 objects)
[2020.11.06-01.40.09:007][238]LogCollectionManager: Fixed up redirectors for 0 collections in 0.000056 seconds (updated 0 objects)
[2020.11.06-01.47.24:054][604]LogSlate: FSceneViewport::OnFocusLost() reason 0
[2020.11.06-01.47.24:180][610]LogUObjectHash: Compacting FUObjectHashTables data took   0.72ms
[2020.11.06-01.47.24:226][610]LogSlate: Window 'miso - Unreal Editor' being destroyed
[2020.11.06-01.47.24:354][611]Cmd: QUIT_EDITOR
[2020.11.06-01.47.24:400][611]LogExit: Preparing to exit.
[2020.11.06-01.47.25:356][611]LogTemp: Warning: Tried to remove instance from PIE map but instance already removed
[2020.11.06-01.47.25:365][611]LogActorComponent: UnregisterComponent: (None.None) Not registered. Aborting.
[2020.11.06-01.47.25:365][611]LogActorComponent: UnregisterComponent: (None.None) Not registered. Aborting.
[2020.11.06-01.47.25:365][611]LogActorComponent: UnregisterComponent: (None.None) Not registered. Aborting.
[2020.11.06-01.47.25:365][611]LogActorComponent: UnregisterComponent: (None.None) Not registered. Aborting.
[2020.11.06-01.47.25:365][611]LogActorComponent: UnregisterComponent: (None.None) Not registered. Aborting.
[2020.11.06-01.47.25:365][611]LogActorComponent: UnregisterComponent: (None.None) Not registered. Aborting.
[2020.11.06-01.47.25:365][611]LogActorComponent: UnregisterComponent: (None.None) Not registered. Aborting.
[2020.11.06-01.47.25:365][611]LogWorld: UWorld::CleanupWorld for None, bSessionEnded=true, bCleanupResources=true
[2020.11.06-01.47.25:376][611]LogWorld: UWorld::CleanupWorld for None, bSessionEnded=true, bCleanupResources=true
[2020.11.06-01.47.25:376][611]LogExit: Editor shut down
[2020.11.06-01.47.25:377][611]LogExit: Transaction tracking system shut down
[2020.11.06-01.47.25:382][611]LogDemo: Cleaned up 0 splitscreen connections with owner deletion
[2020.11.06-01.47.25:611][611]LogExit: Object subsystem successfully closed.
[2020.11.06-01.47.25:640][611]LogShaderCompilers: Display: Shaders left to compile 0
[2020.11.06-01.47.25:671][611]LogModuleManager: Shutting down and abandoning module HierarchicalLODOutliner (676)
[2020.11.06-01.47.25:671][611]LogModuleManager: Shutting down and abandoning module ExternalImagePicker (674)
[2020.11.06-01.47.25:671][611]LogModuleManager: Shutting down and abandoning module WorldBrowser (672)
[2020.11.06-01.47.25:671][611]LogModuleManager: Shutting down and abandoning module SceneOutliner (670)
[2020.11.06-01.47.25:672][611]LogModuleManager: Shutting down and abandoning module AddContentDialog (668)
[2020.11.06-01.47.25:672][611]LogModuleManager: Shutting down and abandoning module WidgetCarousel (667)
[2020.11.06-01.47.25:672][611]LogModuleManager: Shutting down and abandoning module EditorWidgets (664)
[2020.11.06-01.47.25:672][611]LogModuleManager: Shutting down and abandoning module CollectionManager (662)
[2020.11.06-01.47.25:672][611]LogModuleManager: Shutting down and abandoning module StatsViewer (660)
[2020.11.06-01.47.25:672][611]LogModuleManager: Shutting down and abandoning module VirtualTexturingEditor (658)
[2020.11.06-01.47.25:672][611]LogModuleManager: Shutting down and abandoning module FoliageEdit (656)
[2020.11.06-01.47.25:672][611]LogModuleManager: Shutting down and abandoning module LandscapeEditor (654)
[2020.11.06-01.47.25:672][611]LogModuleManager: Shutting down and abandoning module MeshPaintMode (652)
[2020.11.06-01.47.25:672][611]LogModuleManager: Shutting down and abandoning module SceneDepthPickerMode (650)
[2020.11.06-01.47.25:672][611]LogModuleManager: Shutting down and abandoning module ActorPickerMode (648)
[2020.11.06-01.47.25:672][611]LogModuleManager: Shutting down and abandoning module GeometryMode (646)
[2020.11.06-01.47.25:672][611]LogModuleManager: Shutting down and abandoning module TextureAlignMode (644)
[2020.11.06-01.47.25:672][611]LogModuleManager: Shutting down and abandoning module BspMode (642)
[2020.11.06-01.47.25:672][611]LogModuleManager: Shutting down and abandoning module PIEPreviewDeviceProfileSelector (640)
[2020.11.06-01.47.25:672][611]LogModuleManager: Shutting down and abandoning module SequenceRecorderSections (638)
[2020.11.06-01.47.25:672][611]LogModuleManager: Shutting down and abandoning module AutomationWorker (636)
[2020.11.06-01.47.25:672][611]LogModuleManager: Shutting down and abandoning module OculusMR (634)
[2020.11.06-01.47.25:672][611]LogModuleManager: Shutting down and abandoning module AudioCaptureEditor (632)
[2020.11.06-01.47.25:672][611]LogModuleManager: Shutting down and abandoning module MatineeToLevelSequence (630)
[2020.11.06-01.47.25:672][611]LogModuleManager: Shutting down and abandoning module LevelSequenceEditor (628)
[2020.11.06-01.47.25:672][611]LogModuleManager: Shutting down and abandoning module PlacementMode (627)
[2020.11.06-01.47.25:672][611]LogModuleManager: Shutting down and abandoning module MaterialEditor (626)
[2020.11.06-01.47.25:672][611]LogModuleManager: Shutting down and abandoning module ActorSequenceEditor (622)
[2020.11.06-01.47.25:672][611]LogModuleManager: Shutting down and abandoning module WmfMediaFactory (620)
[2020.11.06-01.47.25:672][611]LogModuleManager: Shutting down and abandoning module WmfMediaEditor (618)
[2020.11.06-01.47.25:673][611]LogModuleManager: Shutting down and abandoning module WebMMediaFactory (616)
[2020.11.06-01.47.25:673][611]LogModuleManager: Shutting down and abandoning module WebMMediaEditor (614)
[2020.11.06-01.47.25:673][611]LogModuleManager: Shutting down and abandoning module WebMMedia (612)
[2020.11.06-01.47.25:673][611]LogModuleManager: Shutting down and abandoning module MediaPlayerEditor (610)
[2020.11.06-01.47.25:673][611]LogModuleManager: Shutting down and abandoning module MediaCompositingEditor (608)
[2020.11.06-01.47.25:673][611]LogModuleManager: Shutting down and abandoning module SequenceRecorder (607)
[2020.11.06-01.47.25:673][611]LogModuleManager: Shutting down and abandoning module OpenExrWrapper (604)
[2020.11.06-01.47.25:673][611]LogModuleManager: Shutting down and abandoning module ImgMediaFactory (602)
[2020.11.06-01.47.25:673][611]LogModuleManager: Shutting down and abandoning module ImgMediaEditor (600)
[2020.11.06-01.47.25:673][611]LogModuleManager: Shutting down and abandoning module AvfMediaFactory (598)
[2020.11.06-01.47.25:673][611]LogModuleManager: Shutting down and abandoning module AvfMediaEditor (596)
[2020.11.06-01.47.25:673][611]LogModuleManager: Shutting down and abandoning module AndroidMediaFactory (594)
[2020.11.06-01.47.25:673][611]LogModuleManager: Shutting down and abandoning module AndroidMediaEditor (592)
[2020.11.06-01.47.25:673][611]LogModuleManager: Shutting down and abandoning module MagicLeapCameraPreviewFactory (590)
[2020.11.06-01.47.25:673][611]LogModuleManager: Shutting down and abandoning module MagicLeapMediaCodecFactory (588)
[2020.11.06-01.47.25:673][611]LogModuleManager: Shutting down and abandoning module MagicLeapMediaFactory (586)
[2020.11.06-01.47.25:673][611]LogModuleManager: Shutting down and abandoning module MagicLeapMediaEditor (584)
[2020.11.06-01.47.25:673][611]LogModuleManager: Shutting down and abandoning module CharacterAI (582)
[2020.11.06-01.47.25:673][611]LogModuleManager: Shutting down and abandoning module SmartSnapping (580)
[2020.11.06-01.47.25:673][611]LogModuleManager: Shutting down and abandoning module SessionServices (578)
[2020.11.06-01.47.25:673][611]LogModuleManager: Shutting down and abandoning module MeshPaint (576)
[2020.11.06-01.47.25:673][611]LogModuleManager: Shutting down and abandoning module ViewportSnapping (574)
[2020.11.06-01.47.25:673][611]LogModuleManager: Shutting down and abandoning module ViewportInteraction (572)
[2020.11.06-01.47.25:673][611]LogModuleManager: Shutting down and abandoning module ClothPainter (570)
[2020.11.06-01.47.25:673][611]LogModuleManager: Shutting down and abandoning module SkeletalMeshEditor (569)
[2020.11.06-01.47.25:673][611]LogModuleManager: Shutting down and abandoning module LogVisualizer (566)
[2020.11.06-01.47.25:673][611]LogModuleManager: Shutting down and abandoning module IntroTutorials (564)
[2020.11.06-01.47.25:673][611]LogModuleManager: Shutting down and abandoning module GameProjectGeneration (563)
[2020.11.06-01.47.25:673][611]LogModuleManager: Shutting down and abandoning module LuminPlatformEditor (560)
[2020.11.06-01.47.25:673][611]LogModuleManager: Shutting down and abandoning module IOSPlatformEditor (558)
[2020.11.06-01.47.25:673][611]LogModuleManager: Shutting down and abandoning module HTML5PlatformEditor (556)
[2020.11.06-01.47.25:673][611]LogModuleManager: Shutting down and abandoning module AndroidPlatformEditor (554)
[2020.11.06-01.47.25:673][611]LogModuleManager: Shutting down and abandoning module AndroidDeviceDetection (553)
[2020.11.06-01.47.25:986][611]LogModuleManager: Shutting down and abandoning module WindowsPlatformEditor (550)
[2020.11.06-01.47.25:987][611]LogModuleManager: Shutting down and abandoning module LuminRuntimeSettings (548)
[2020.11.06-01.47.25:987][611]LogModuleManager: Shutting down and abandoning module IOSRuntimeSettings (546)
[2020.11.06-01.47.25:987][611]LogModuleManager: Shutting down and abandoning module AndroidRuntimeSettings (544)
[2020.11.06-01.47.25:987][611]LogModuleManager: Shutting down and abandoning module TimeManagementEditor (542)
[2020.11.06-01.47.25:987][611]LogModuleManager: Shutting down and abandoning module InputBindingEditor (540)
[2020.11.06-01.47.25:987][611]LogModuleManager: Shutting down and abandoning module MergeActors (538)
[2020.11.06-01.47.25:987][611]LogModuleManager: Shutting down and abandoning module LocalizationDashboard (536)
[2020.11.06-01.47.25:987][611]LogModuleManager: Shutting down and abandoning module LocalizationService (535)
[2020.11.06-01.47.25:987][611]LogModuleManager: Shutting down and abandoning module HardwareTargeting (532)
[2020.11.06-01.47.25:987][611]LogModuleManager: Shutting down and abandoning module DeviceProfileEditor (530)
[2020.11.06-01.47.25:987][611]LogModuleManager: Shutting down and abandoning module UndoHistory (528)
[2020.11.06-01.47.25:987][611]LogModuleManager: Shutting down and abandoning module XmlParser (526)
[2020.11.06-01.47.25:987][611]LogModuleManager: Shutting down and abandoning module Blutility (524)
[2020.11.06-01.47.25:987][611]LogModuleManager: Shutting down and abandoning module ProjectSettingsViewer (522)
[2020.11.06-01.47.25:987][611]LogModuleManager: Shutting down and abandoning module ProjectTargetPlatformEditor (521)
[2020.11.06-01.47.25:987][611]LogModuleManager: Shutting down and abandoning module EditorSettingsViewer (518)
[2020.11.06-01.47.25:987][611]LogModuleManager: Shutting down and abandoning module SettingsEditor (516)
[2020.11.06-01.47.25:987][611]LogModuleManager: Shutting down and abandoning module ProjectLauncher (514)
[2020.11.06-01.47.25:987][611]LogModuleManager: Shutting down and abandoning module SessionFrontend (512)
[2020.11.06-01.47.25:987][611]LogModuleManager: Shutting down and abandoning module ProfilerClient (510)
[2020.11.06-01.47.25:987][611]LogModuleManager: Shutting down and abandoning module DeviceManager (508)
[2020.11.06-01.47.25:987][611]LogModuleManager: Shutting down and abandoning module TargetDeviceServices (507)
[2020.11.06-01.47.26:032][611]LogModuleManager: Shutting down and abandoning module AutomationController (504)
[2020.11.06-01.47.26:032][611]LogModuleManager: Shutting down and abandoning module AutomationWindow (502)
[2020.11.06-01.47.26:032][611]LogModuleManager: Shutting down and abandoning module Layers (500)
[2020.11.06-01.47.26:032][611]LogModuleManager: Shutting down and abandoning module ComponentVisualizers (498)
[2020.11.06-01.47.26:032][611]LogModuleManager: Shutting down and abandoning module DetailCustomizations (496)
[2020.11.06-01.47.26:032][611]LogModuleManager: Shutting down and abandoning module PackagesDialog (494)
[2020.11.06-01.47.26:032][611]LogModuleManager: Shutting down and abandoning module AnimationBlueprintEditor (492)
[2020.11.06-01.47.26:032][611]LogModuleManager: Shutting down and abandoning module Persona (490)
[2020.11.06-01.47.26:032][611]LogModuleManager: Shutting down and abandoning module AdvancedPreviewScene (489)
[2020.11.06-01.47.26:032][611]LogModuleManager: Shutting down and abandoning module AnimGraph (487)
[2020.11.06-01.47.26:032][611]LogModuleManager: Shutting down and abandoning module Kismet (484)
[2020.11.06-01.47.26:032][611]LogModuleManager: Shutting down and abandoning module KismetWidgets (483)
[2020.11.06-01.47.26:032][611]LogModuleManager: Shutting down and abandoning module GraphEditor (480)
[2020.11.06-01.47.26:032][611]LogModuleManager: Shutting down and abandoning module StructViewer (478)
[2020.11.06-01.47.26:032][611]LogModuleManager: Shutting down and abandoning module ClassViewer (476)
[2020.11.06-01.47.26:032][611]LogModuleManager: Shutting down and abandoning module Toolbox (474)
[2020.11.06-01.47.26:032][611]LogModuleManager: Shutting down and abandoning module DesktopPlatform (473)
[2020.11.06-01.47.26:032][611]LogModuleManager: Shutting down and abandoning module ModuleUI (470)
[2020.11.06-01.47.26:032][611]LogModuleManager: Shutting down and abandoning module MovieSceneTools (468)
[2020.11.06-01.47.26:032][611]LogModuleManager: Shutting down and abandoning module OutputLog (466)
[2020.11.06-01.47.26:032][611]LogModuleManager: Shutting down and abandoning module GammaUI (464)
[2020.11.06-01.47.26:032][611]LogModuleManager: Shutting down and abandoning module Documentation (462)
[2020.11.06-01.47.26:032][611]LogModuleManager: Shutting down and abandoning module LiveCoding (460)
[2020.11.06-01.47.26:033][611]LogModuleManager: Shutting down and abandoning module LevelSequence (458)
[2020.11.06-01.47.26:033][611]LogModuleManager: Shutting down and abandoning module MovieSceneTracks (456)
[2020.11.06-01.47.26:033][611]LogModuleManager: Shutting down and abandoning module MovieScene (454)
[2020.11.06-01.47.26:033][611]LogModuleManager: Shutting down and abandoning module StreamingPauseRendering (452)
[2020.11.06-01.47.26:033][611]LogModuleManager: Shutting down and abandoning module LauncherPlatform (450)
[2020.11.06-01.47.26:033][611]LogModuleManager: Shutting down and abandoning module AnalyticsET (448)
[2020.11.06-01.47.26:033][611]LogModuleManager: Shutting down and abandoning module PortalServices (446)
[2020.11.06-01.47.26:033][611]LogModuleManager: Shutting down and abandoning module PortalRpc (444)
[2020.11.06-01.47.26:033][611]LogModuleManager: Shutting down and abandoning module MessagingRpc (442)
[2020.11.06-01.47.26:033][611]LogModuleManager: Shutting down and abandoning module AIModule (440)
[2020.11.06-01.47.26:033][611]LogModuleManager: Shutting down and abandoning module GameplayDebugger (439)
[2020.11.06-01.47.26:033][611]LogModuleManager: Shutting down and abandoning module AITestSuite (437)
[2020.11.06-01.47.26:033][611]LogModuleManager: Shutting down and abandoning module NavigationSystem (435)
[2020.11.06-01.47.26:033][611]LogModuleManager: Shutting down and abandoning module ImageWriteQueue (432)
[2020.11.06-01.47.26:036][611]LogModuleManager: Shutting down and abandoning module ProfilerService (430)
[2020.11.06-01.47.26:165][611]LogModuleManager: Shutting down and abandoning module TaskGraph (428)
[2020.11.06-01.47.26:165][611]LogModuleManager: Shutting down and abandoning module StrixSDK (426)
[2020.11.06-01.47.26:165][611]LogModuleManager: Shutting down and abandoning module ScreenshotTools (424)
[2020.11.06-01.47.26:165][611]LogModuleManager: Shutting down and abandoning module SteamVRController (422)
[2020.11.06-01.47.26:166][611]LogModuleManager: Shutting down and abandoning module ProceduralMeshComponentEditor (420)
[2020.11.06-01.47.26:166][611]LogModuleManager: Shutting down and abandoning module ProceduralMeshComponent (418)
[2020.11.06-01.47.26:166][611]LogModuleManager: Shutting down and abandoning module OculusEditor (416)
[2020.11.06-01.47.26:166][611]LogModuleManager: Shutting down and abandoning module OculusInput (414)
[2020.11.06-01.47.26:166][611]LogModuleManager: Shutting down and abandoning module MobilePatchingUtils (412)
[2020.11.06-01.47.26:166][611]LogModuleManager: Shutting down and abandoning module EditableMesh (410)
[2020.11.06-01.47.26:166][611]LogModuleManager: Shutting down and abandoning module CustomMeshComponent (408)
[2020.11.06-01.47.26:166][611]LogModuleManager: Shutting down and abandoning module CableComponent (406)
[2020.11.06-01.47.26:166][611]LogModuleManager: Shutting down and abandoning module AudioCapture (404)
[2020.11.06-01.47.26:166][611]LogModuleManager: Shutting down and abandoning module ArchVisCharacter (402)
[2020.11.06-01.47.26:166][611]LogModuleManager: Shutting down and abandoning module AppleImageUtilsBlueprintSupport (400)
[2020.11.06-01.47.26:166][611]LogModuleManager: Shutting down and abandoning module AppleImageUtils (398)
[2020.11.06-01.47.26:166][611]LogModuleManager: Shutting down and abandoning module AndroidPermission (396)
[2020.11.06-01.47.26:166][611]LogModuleManager: Shutting down and abandoning module NUTUnrealEngine4 (394)
[2020.11.06-01.47.26:166][611]LogModuleManager: Shutting down and abandoning module NetcodeUnitTest (392)
[2020.11.06-01.47.26:166][611]LogModuleManager: Shutting down and abandoning module MediaCompositing (390)
[2020.11.06-01.47.26:166][611]LogModuleManager: Shutting down and abandoning module ImgMedia (388)
[2020.11.06-01.47.26:166][611]LogModuleManager: Shutting down and abandoning module MagicLeapHelperVulkan (386)
[2020.11.06-01.47.26:166][611]LogModuleManager: Shutting down and abandoning module MagicLeapHelperOpenGL (384)
[2020.11.06-01.47.26:166][611]LogModuleManager: Shutting down and abandoning module MagicLeapAudio (382)
[2020.11.06-01.47.26:166][611]LogModuleManager: Shutting down and abandoning module HTML5Networking (380)
[2020.11.06-01.47.26:166][611]LogModuleManager: Shutting down and abandoning module GeometryCacheTracks (378)
[2020.11.06-01.47.26:166][611]LogModuleManager: Shutting down and abandoning module GeometryCacheSequencer (376)
[2020.11.06-01.47.26:166][611]LogModuleManager: Shutting down and abandoning module BackChannel (374)
[2020.11.06-01.47.26:166][611]LogModuleManager: Shutting down and abandoning module AutomationUtilsEditor (372)
[2020.11.06-01.47.26:166][611]LogModuleManager: Shutting down and abandoning module AutomationUtils (370)
[2020.11.06-01.47.26:166][611]LogModuleManager: Shutting down and abandoning module AlembicImporter (368)
[2020.11.06-01.47.26:166][611]LogModuleManager: Shutting down and abandoning module AlembicLibrary (367)
[2020.11.06-01.47.26:166][611]LogModuleManager: Shutting down and abandoning module GeometryCache (366)
[2020.11.06-01.47.26:166][611]LogModuleManager: Shutting down and abandoning module GeometryCacheEd (365)
[2020.11.06-01.47.26:166][611]LogModuleManager: Shutting down and abandoning module VariantManagerContent (360)
[2020.11.06-01.47.26:166][611]LogModuleManager: Shutting down and abandoning module DatasmithContentEditor (358)
[2020.11.06-01.47.26:166][611]LogModuleManager: Shutting down and abandoning module SpeedTreeImporter (356)
[2020.11.06-01.47.26:166][611]LogModuleManager: Shutting down and abandoning module PluginBrowser (354)
[2020.11.06-01.47.26:166][611]LogModuleManager: Shutting down and abandoning module MobileLauncherProfileWizard (352)
[2020.11.06-01.47.26:166][611]LogModuleManager: Shutting down and abandoning module MaterialAnalyzer (350)
[2020.11.06-01.47.26:166][611]LogModuleManager: Shutting down and abandoning module CurveEditorTools (348)
[2020.11.06-01.47.26:166][611]LogModuleManager: Shutting down and abandoning module CurveEditor (347)
[2020.11.06-01.47.26:166][611]LogModuleManager: Shutting down and abandoning module CryptoKeysOpenSSL (344)
[2020.11.06-01.47.26:166][611]LogModuleManager: Shutting down and abandoning module CryptoKeys (342)
[2020.11.06-01.47.26:166][611]LogModuleManager: Shutting down and abandoning module VisualStudioSourceCodeAccess (340)
[2020.11.06-01.47.26:166][611]LogModuleManager: Shutting down and abandoning module VisualStudioCodeSourceCodeAccess (338)
[2020.11.06-01.47.26:166][611]LogModuleManager: Shutting down and abandoning module UObjectPlugin (336)
[2020.11.06-01.47.26:166][611]LogModuleManager: Shutting down and abandoning module SubversionSourceControl (334)
[2020.11.06-01.47.26:166][611]LogModuleManager: Shutting down and abandoning module PerforceSourceControl (332)
[2020.11.06-01.47.26:166][611]LogModuleManager: Shutting down and abandoning module GitSourceControl (330)
[2020.11.06-01.47.26:166][611]LogModuleManager: Shutting down and abandoning module SourceControl (329)
[2020.11.06-01.47.26:166][611]LogModuleManager: Shutting down and abandoning module CLionSourceCodeAccess (326)
[2020.11.06-01.47.26:166][611]LogModuleManager: Shutting down and abandoning module AnimationSharingEd (324)
[2020.11.06-01.47.26:166][611]LogModuleManager: Shutting down and abandoning module ActorLayerUtilitiesEditor (322)
[2020.11.06-01.47.26:166][611]LogModuleManager: Shutting down and abandoning module ActorLayerUtilities (320)
[2020.11.06-01.47.26:166][611]LogModuleManager: Shutting down and abandoning module LightPropagationVolumeEditor (318)
[2020.11.06-01.47.26:166][611]LogModuleManager: Shutting down and abandoning module PaperTiledImporter (316)
[2020.11.06-01.47.26:166][611]LogModuleManager: Shutting down and abandoning module PaperSpriteSheetImporter (314)
[2020.11.06-01.47.26:166][611]LogModuleManager: Shutting down and abandoning module Paper2DEditor (312)
[2020.11.06-01.47.26:166][611]LogModuleManager: Shutting down and abandoning module miso (310)
[2020.11.06-01.47.26:166][611]LogModuleManager: Shutting down and abandoning module SignificanceManager (308)
[2020.11.06-01.47.26:166][611]LogModuleManager: Shutting down and abandoning module RuntimePhysXCooking (306)
[2020.11.06-01.47.26:166][611]LogModuleManager: Shutting down and abandoning module PhysXVehiclesEditor (304)
[2020.11.06-01.47.26:166][611]LogModuleManager: Shutting down and abandoning module LocationServicesBPLibrary (300)
[2020.11.06-01.47.26:166][611]LogModuleManager: Shutting down and abandoning module ActorSequence (298)
[2020.11.06-01.47.26:166][611]LogModuleManager: Shutting down and abandoning module UdpMessaging (296)
[2020.11.06-01.47.26:268][611]LogModuleManager: Shutting down and abandoning module TcpMessaging (294)
[2020.11.06-01.47.26:368][611]LogModuleManager: Shutting down and abandoning module MagicLeapIdentity (292)
[2020.11.06-01.47.26:368][611]LogModuleManager: Shutting down and abandoning module MagicLeapSecureStorage (290)
[2020.11.06-01.47.26:368][611]LogModuleManager: Shutting down and abandoning module MagicLeapHandTracking (288)
[2020.11.06-01.47.26:368][611]LogModuleManager: Shutting down and abandoning module MagicLeapEyeTracker (286)
[2020.11.06-01.47.26:368][611]LogModuleManager: Shutting down and abandoning module MagicLeapController (284)
[2020.11.06-01.47.26:368][611]LogSlate: Slate User Destroyed.  User Index 0, Is Virtual User: 0
[2020.11.06-01.47.26:368][611]LogModuleManager: Shutting down and abandoning module MagicLeapAR (282)
[2020.11.06-01.47.26:368][611]LogModuleManager: Shutting down and abandoning module AugmentedReality (281)
[2020.11.06-01.47.26:368][611]LogModuleManager: Shutting down and abandoning module GameplayTagsEditor (278)
[2020.11.06-01.47.26:368][611]LogModuleManager: Shutting down and abandoning module FacialAnimationEditor (276)
[2020.11.06-01.47.26:368][611]LogModuleManager: Shutting down and abandoning module FacialAnimation (274)
[2020.11.06-01.47.26:368][611]LogModuleManager: Shutting down and abandoning module DataValidation (272)
[2020.11.06-01.47.26:368][611]LogModuleManager: Shutting down and abandoning module AssetManagerEditor (270)
[2020.11.06-01.47.26:368][611]LogModuleManager: Shutting down and abandoning module LevelEditor (269)
[2020.11.06-01.47.26:368][611]LogModuleManager: Shutting down and abandoning module PixelInspectorModule (268)
[2020.11.06-01.47.26:369][611]LogModuleManager: Shutting down and abandoning module CommonMenuExtensions (266)
[2020.11.06-01.47.26:369][611]LogModuleManager: Shutting down and abandoning module MainFrame (264)
[2020.11.06-01.47.26:369][611]LogModuleManager: Shutting down and abandoning module HotReload (263)
[2020.11.06-01.47.26:369][611]LogModuleManager: Shutting down and abandoning module ContentBrowser (259)
[2020.11.06-01.47.26:370][611]LogModuleManager: Shutting down and abandoning module TreeMap (257)
[2020.11.06-01.47.26:370][611]LogModuleManager: Shutting down and abandoning module AnimationSharing (254)
[2020.11.06-01.47.26:370][611]LogModuleManager: Shutting down and abandoning module LightPropagationVolumeRuntime (252)
[2020.11.06-01.47.26:370][611]LogModuleManager: Shutting down and abandoning module Paper2D (250)
[2020.11.06-01.47.26:370][611]LogModuleManager: Shutting down and abandoning module WindowsMoviePlayer (248)
[2020.11.06-01.47.26:370][611]LogModuleManager: Shutting down and abandoning module WebMMoviePlayer (246)
[2020.11.06-01.47.26:370][611]LogModuleManager: Shutting down and abandoning module NetworkReplayStreaming (244)
[2020.11.06-01.47.26:370][611]LogModuleManager: Shutting down and abandoning module PacketHandler (242)
[2020.11.06-01.47.26:370][611]LogModuleManager: Shutting down and abandoning module ClothingSystemEditor (240)
[2020.11.06-01.47.26:370][611]LogModuleManager: Shutting down and abandoning module ClothingSystemRuntime (238)
[2020.11.06-01.47.26:370][611]LogModuleManager: Shutting down and abandoning module MediaAssets (236)
[2020.11.06-01.47.26:370][611]LogModuleManager: Shutting down and abandoning module Overlay (234)
[2020.11.06-01.47.26:370][611]LogModuleManager: Shutting down and abandoning module OverlayEditor (233)
[2020.11.06-01.47.26:370][611]LogModuleManager: Shutting down and abandoning module VREditor (230)
[2020.11.06-01.47.26:370][611]LogModuleManager: Shutting down and abandoning module StringTableEditor (228)
[2020.11.06-01.47.26:370][611]LogModuleManager: Shutting down and abandoning module GameplayTasksEditor (226)
[2020.11.06-01.47.26:370][611]LogModuleManager: Shutting down and abandoning module BehaviorTreeEditor (224)
[2020.11.06-01.47.26:370][611]LogModuleManager: Shutting down and abandoning module FunctionalTesting (222)
[2020.11.06-01.47.26:370][611]LogModuleManager: Shutting down and abandoning module CollisionAnalyzer (220)
[2020.11.06-01.47.26:370][611]LogModuleManager: Shutting down and abandoning module WorkspaceMenuStructure (219)
[2020.11.06-01.47.26:371][611]LogModuleManager: Shutting down and abandoning module UMG (216)
[2020.11.06-01.47.26:371][611]LogModuleManager: Shutting down and abandoning module UMGEditor (215)
[2020.11.06-01.47.26:371][611]LogModuleManager: Shutting down and abandoning module Sequencer (214)
[2020.11.06-01.47.26:371][611]LogModuleManager: Shutting down and abandoning module MessageLog (211)
[2020.11.06-01.47.26:371][611]LogModuleManager: Shutting down and abandoning module SlateReflector (206)
[2020.11.06-01.47.26:371][611]LogModuleManager: Shutting down and abandoning module Slate (204)
[2020.11.06-01.47.26:371][611]LogModuleManager: Shutting down and abandoning module LandscapeEditorUtilities (202)
[2020.11.06-01.47.26:371][611]LogModuleManager: Shutting down and abandoning module EditorStyle (200)
[2020.11.06-01.47.26:372][611]LogModuleManager: Shutting down and abandoning module UnrealEd (198)
[2020.11.06-01.47.26:372][611]LogModuleManager: Shutting down and abandoning module MRMesh (196)
[2020.11.06-01.47.26:372][611]LogModuleManager: Shutting down and abandoning module SourceCodeAccess (194)
[2020.11.06-01.47.26:372][611]LogModuleManager: Shutting down and abandoning module HeadMountedDisplay (192)
[2020.11.06-01.47.26:372][611]LogModuleManager: Shutting down and abandoning module XAudio2 (190)
[2020.11.06-01.47.26:372][611]LogModuleManager: Shutting down and abandoning module Networking (188)
[2020.11.06-01.47.26:372][611]LogModuleManager: Shutting down and abandoning module Core (186)
[2020.11.06-01.47.26:372][611]LogModuleManager: Shutting down and abandoning module KismetCompiler (184)
[2020.11.06-01.47.26:372][611]LogModuleManager: Shutting down and abandoning module MeshUtilities (182)
[2020.11.06-01.47.26:372][611]LogModuleManager: Shutting down and abandoning module MeshMergeUtilities (181)
[2020.11.06-01.47.26:372][611]LogModuleManager: Shutting down and abandoning module MeshReductionInterface (180)
[2020.11.06-01.47.26:372][611]LogModuleManager: Shutting down and abandoning module SkeletalMeshReduction (179)
[2020.11.06-01.47.26:372][611]LogModuleManager: Shutting down and abandoning module ProxyLODMeshReduction (177)
[2020.11.06-01.47.26:372][611]LogModuleManager: Shutting down and abandoning module QuadricMeshReduction (175)
[2020.11.06-01.47.26:372][611]LogModuleManager: Shutting down and abandoning module MaterialBaking (171)
[2020.11.06-01.47.26:372][611]LogModuleManager: Shutting down and abandoning module NullInstallBundleManager (166)
[2020.11.06-01.47.26:372][611]LogModuleManager: Shutting down and abandoning module DerivedDataCache (164)
[2020.11.06-01.47.26:455][611]LogDerivedDataCache: Shutdown
[2020.11.06-01.47.26:455][611]LogModuleManager: Shutting down and abandoning module XGEController (162)
[2020.11.06-01.47.26:455][611]LogModuleManager: Shutting down and abandoning module TargetPlatform (160)
[2020.11.06-01.47.26:455][611]LogModuleManager: Shutting down and abandoning module VulkanShaderFormat (159)
[2020.11.06-01.47.26:455][611]LogModuleManager: Shutting down and abandoning module ShaderFormatVectorVM (157)
[2020.11.06-01.47.26:455][611]LogModuleManager: Shutting down and abandoning module ShaderFormatOpenGL (155)
[2020.11.06-01.47.26:455][611]LogModuleManager: Shutting down and abandoning module ShaderFormatD3D (153)
[2020.11.06-01.47.26:455][611]LogModuleManager: Shutting down and abandoning module MetalShaderFormat (151)
[2020.11.06-01.47.26:455][611]LogModuleManager: Shutting down and abandoning module TextureFormatUncompressed (149)
[2020.11.06-01.47.26:455][611]LogModuleManager: Shutting down and abandoning module TextureFormatPVR (147)
[2020.11.06-01.47.26:455][611]LogModuleManager: Shutting down and abandoning module TextureFormatDXT (145)
[2020.11.06-01.47.26:455][611]LogModuleManager: Shutting down and abandoning module TextureFormatIntelISPCTexComp (143)
[2020.11.06-01.47.26:456][611]LogModuleManager: Shutting down and abandoning module TextureFormatASTC (141)
[2020.11.06-01.47.26:456][611]LogModuleManager: Shutting down and abandoning module ImageWrapper (140)
[2020.11.06-01.47.26:456][611]LogModuleManager: Shutting down and abandoning module TextureFormatAndroid (137)
[2020.11.06-01.47.26:456][611]LogModuleManager: Shutting down and abandoning module AudioFormatOpus (135)
[2020.11.06-01.47.26:456][611]LogModuleManager: Shutting down and abandoning module AudioFormatOgg (133)
[2020.11.06-01.47.26:456][611]LogModuleManager: Shutting down and abandoning module AudioFormatADPCM (131)
[2020.11.06-01.47.26:456][611]LogModuleManager: Shutting down and abandoning module LuminTargetPlatform (129)
[2020.11.06-01.47.26:456][611]LogModuleManager: Shutting down and abandoning module LinuxTargetPlatform (127)
[2020.11.06-01.47.26:456][611]LogModuleManager: Shutting down and abandoning module LinuxServerTargetPlatform (125)
[2020.11.06-01.47.26:456][611]LogModuleManager: Shutting down and abandoning module LinuxNoEditorTargetPlatform (123)
[2020.11.06-01.47.26:456][611]LogModuleManager: Shutting down and abandoning module LinuxClientTargetPlatform (121)
[2020.11.06-01.47.26:456][611]LogModuleManager: Shutting down and abandoning module TVOSTargetPlatform (119)
[2020.11.06-01.47.26:457][611]LogModuleManager: Shutting down and abandoning module Messaging (117)
[2020.11.06-01.47.26:457][611]LogModuleManager: Shutting down and abandoning module IOSTargetPlatform (115)
[2020.11.06-01.47.26:458][611]LogModuleManager: Shutting down and abandoning module HTML5TargetPlatform (113)
[2020.11.06-01.47.26:458][611]LogModuleManager: Shutting down and abandoning module AndroidTargetPlatform (111)
[2020.11.06-01.47.26:463][611]LogModuleManager: Shutting down and abandoning module WindowsTargetPlatform (109)
[2020.11.06-01.47.26:463][611]LogModuleManager: Shutting down and abandoning module WindowsServerTargetPlatform (107)
[2020.11.06-01.47.26:463][611]LogModuleManager: Shutting down and abandoning module WindowsNoEditorTargetPlatform (105)
[2020.11.06-01.47.26:463][611]LogModuleManager: Shutting down and abandoning module WindowsClientTargetPlatform (103)
[2020.11.06-01.47.26:463][611]LogModuleManager: Shutting down and abandoning module MacTargetPlatform (101)
[2020.11.06-01.47.26:463][611]LogModuleManager: Shutting down and abandoning module MacServerTargetPlatform (99)
[2020.11.06-01.47.26:463][611]LogModuleManager: Shutting down and abandoning module MacNoEditorTargetPlatform (97)
[2020.11.06-01.47.26:463][611]LogModuleManager: Shutting down and abandoning module MacClientTargetPlatform (95)
[2020.11.06-01.47.26:463][611]LogModuleManager: Shutting down and abandoning module AllDesktopTargetPlatform (93)
[2020.11.06-01.47.26:463][611]LogModuleManager: Shutting down and abandoning module InputCore (90)
[2020.11.06-01.47.26:463][611]LogModuleManager: Shutting down and abandoning module Settings (88)
[2020.11.06-01.47.26:463][611]LogModuleManager: Shutting down and abandoning module DirectoryWatcher (86)
[2020.11.06-01.47.26:463][611]LogModuleManager: Shutting down and abandoning module PhysXCooking (84)
[2020.11.06-01.47.26:463][611]LogModuleManager: Shutting down and abandoning module WindowsPlatformFeatures (82)
[2020.11.06-01.47.26:463][611]LogModuleManager: Shutting down and abandoning module GameplayMediaEncoder (81)
[2020.11.06-01.47.26:463][611]LogModuleManager: Shutting down and abandoning module SteamVR (78)
[2020.11.06-01.47.26:463][611]LogHMD: Freeing OpenVRDLLHandle.
[2020.11.06-01.47.26:463][611]LogModuleManager: Shutting down and abandoning module OculusHMD (76)
[2020.11.06-01.47.26:463][611]LogModuleManager: Shutting down and abandoning module ExampleDeviceProfileSelector (74)
[2020.11.06-01.47.26:463][611]LogModuleManager: Shutting down and abandoning module LauncherChunkInstaller (72)
[2020.11.06-01.47.26:463][611]LogModuleManager: Shutting down and abandoning module OnlineBlueprintSupport (70)
[2020.11.06-01.47.26:463][611]LogModuleManager: Shutting down and abandoning module OnlineSubsystem (66)
[2020.11.06-01.47.26:464][611]LogModuleManager: Shutting down and abandoning module XMPP (61)
[2020.11.06-01.47.26:464][611]LogModuleManager: Shutting down and abandoning module WebSockets (60)
[2020.11.06-01.47.26:474][611]LogModuleManager: Shutting down and abandoning module HTTP (57)
[2020.11.06-01.47.26:474][611]LogHttp: Display: Http module shutting down, but needs to wait on 1 outstanding Http requests:
[2020.11.06-01.47.26:474][611]LogHttp: Display: 	verb=[POST] url=[https://datarouter.ol.epicgames.com/datarouter/api/v1/public/data?SessionID=%7BA96EC1AE-4AD5-5A1D-ECC5-1984CCF09A4C%7D&AppID=UEEditor.Rocket.Release&AppVersion=4.23.1-9631420%2B%2B%2BUE4%2BRelease-4.23&UserID=dda0166749947f99b93fd3affe02fdb2%7C8e3bf10744884fb3a7e22c3c83bf16eb%7Cd507f363-a145-42d0-8973-b6ac78456dc5&AppEnvironment=datacollector-binary&UploadType=eteventstream] status=Processing
[2020.11.06-01.47.26:486][611]LogModuleManager: Shutting down and abandoning module SSL (56)
[2020.11.06-01.47.26:487][611]LogModuleManager: Shutting down and abandoning module WmfMedia (52)
[2020.11.06-01.47.26:488][611]LogModuleManager: Shutting down and abandoning module Media (51)
[2020.11.06-01.47.26:489][611]LogModuleManager: Shutting down and abandoning module MagicLeap (48)
[2020.11.06-01.47.26:489][611]LogModuleManager: Shutting down and abandoning module DatasmithContent (46)
[2020.11.06-01.47.26:489][611]LogModuleManager: Shutting down and abandoning module AISupportModule (44)
[2020.11.06-01.47.26:490][611]LogModuleManager: Shutting down and abandoning module PlatformCryptoOpenSSL (42)
[2020.11.06-01.47.26:490][611]LogModuleManager: Shutting down and abandoning module PlatformCrypto (40)
[2020.11.06-01.47.26:490][611]LogModuleManager: Shutting down and abandoning module AnimationModifiers (38)
[2020.11.06-01.47.26:490][611]LogModuleManager: Shutting down and abandoning module PropertyEditor (37)
[2020.11.06-01.47.26:490][611]LogModuleManager: Shutting down and abandoning module AudioEditor (34)
[2020.11.06-01.47.26:490][611]LogModuleManager: Shutting down and abandoning module TextureCompressor (32)
[2020.11.06-01.47.26:490][611]LogModuleManager: Shutting down and abandoning module RenderCore (30)
[2020.11.06-01.47.26:490][611]LogModuleManager: Shutting down and abandoning module Landscape (28)
[2020.11.06-01.47.26:490][611]LogModuleManager: Shutting down and abandoning module SlateRHIRenderer (26)
[2020.11.06-01.47.26:490][611]LogModuleManager: Shutting down and abandoning module OpenGLDrv (24)
[2020.11.06-01.47.26:490][611]LogModuleManager: Shutting down and abandoning module D3D11RHI (22)
[2020.11.06-01.47.26:490][611]LogModuleManager: Shutting down and abandoning module AnimGraphRuntime (20)
[2020.11.06-01.47.26:490][611]LogModuleManager: Shutting down and abandoning module Renderer (18)
[2020.11.06-01.47.26:490][611]LogModuleManager: Shutting down and abandoning module Engine (16)
[2020.11.06-01.47.26:490][611]LogModuleManager: Shutting down and abandoning module CoreUObject (14)
[2020.11.06-01.47.26:490][611]LogModuleManager: Shutting down and abandoning module NetworkFile (12)
[2020.11.06-01.47.26:490][611]LogModuleManager: Shutting down and abandoning module CookedIterativeFile (10)
[2020.11.06-01.47.26:490][611]LogModuleManager: Shutting down and abandoning module StreamingFile (8)
[2020.11.06-01.47.26:490][611]LogModuleManager: Shutting down and abandoning module SandboxFile (6)
[2020.11.06-01.47.26:490][611]LogModuleManager: Shutting down and abandoning module PakFile (4)
[2020.11.06-01.47.26:490][611]LogModuleManager: Shutting down and abandoning module RSA (3)
[2020.11.06-01.47.26:491][611]LogD3D11RHI: Shutdown
[2020.11.06-01.47.26:491][611]LogD3D11RHI: CleanupD3DDevice
[2020.11.06-01.47.26:491][611]LogRendererCore: FGlobalDynamicReadBuffer::Cleanup()
[2020.11.06-01.47.26:491][611]LogRendererCore: FGlobalDynamicReadBuffer::Cleanup()
[2020.11.06-01.47.26:491][611]LogRendererCore: FGlobalDynamicReadBuffer::Cleanup()
[2020.11.06-01.47.26:575][611]LogD3D11RHI: ~FD3D11DynamicRHI
[2020.11.06-01.47.26:587][611]LogExit: Exiting.
[2020.11.06-01.47.26:605][611]Log file closed, 11/06/20 10:47:26
