  Creating makefile for misoEditor (no existing makefile)
  Parsing headers for misoEditor
    Running UnrealHeaderTool "C:\Users\yu.nishimaki\Documents\UnrealProjects\miso\miso.uproject" "C:\Users\yu.nishimaki\Documents\UnrealProjects\miso\Intermediate\Build\Win64\misoEditor\Development\misoEditor.uhtmanifest" -LogCmds="loginit warning, logexit warning, logdatabase error" -Unattended -WarningsAsErrors -installed
  Reflection code generated for misoEditor in 5.6621441 seconds
  Using Visual Studio 2017 14.16.27023 toolchain (C:\Program Files (x86)\Microsoft Visual Studio\2017\Community\VC\Tools\MSVC\14.16.27023) and Windows 10.0.16299.0 SDK (C:\Program Files (x86)\Windows Kits\10).
  Distributing 21 actions to XGE
  --------------------Build System Warning---------------------------------------
  License is invalid:
      License information is invalid. Please try reloading your license file using the Coordinator Monitor application on the Coordinator machine, or reinstall IncrediBuild.
      This build will run in standalone mode.
  
  -------------------------------------------------------------------------------
  --------------------Project: Default-------------------------------------------
  SharedPCH.Engine.cpp (0:20.07 at +0:00)
  misoCharacter.cpp (0:01.89 at +0:20)
  Module.StrixSDK.cpp (0:27.57 at +0:22)
  Module.StrixSDK.gen.1_of_2.cpp (0:05.50 at +0:49)
  miso.cpp (0:00.50 at +0:55)
  misoHUD.cpp (0:00.82 at +0:55)
  misoGameMode.cpp (0:00.87 at +0:56)
  Module.StrixSDK.gen.2_of_2.cpp (0:04.84 at +0:57)
  miso.init.gen.cpp (0:00.61 at +1:02)
  misoCharacter.gen.cpp (0:00.87 at +1:02)
  misoGameMode.gen.cpp (0:00.78 at +1:03)
  misoHUD.gen.cpp (0:00.75 at +1:04)
  misoProjectile.gen.cpp (0:00.68 at +1:05)
  misoProjectile.cpp (0:00.68 at +1:05)
  Default.rc2 (0:00.10 at +1:06)
  Default.rc2 (0:00.23 at +1:06)
  UE4Editor-StrixSDK.dll (0:01.95 at +1:06)
     ライブラリ C:\Users\yu.nishimaki\Documents\UnrealProjects\miso\Plugins\StrixSDK\Intermediate\Build\Win64\UE4Editor\Development\StrixSDK\UE4Editor-StrixSDK.suppressed.lib とオブジェクト C:\Users\yu.nishimaki\Documents\UnrealProjects\miso\Plugins\StrixSDK\Intermediate\Build\Win64\UE4Editor\Development\StrixSDK\UE4Editor-StrixSDK.suppressed.exp を作成中
  UE4Editor-miso.dll (0:01.12 at +1:08)
     ライブラリ C:\Users\yu.nishimaki\Documents\UnrealProjects\miso\Intermediate\Build\Win64\UE4Editor\Development\miso\UE4Editor-miso.suppressed.lib とオブジェクト C:\Users\yu.nishimaki\Documents\UnrealProjects\miso\Intermediate\Build\Win64\UE4Editor\Development\miso\UE4Editor-miso.suppressed.exp を作成中
  UE4Editor-miso.lib (0:00.12 at +1:09)
     ライブラリ C:\Users\yu.nishimaki\Documents\UnrealProjects\miso\Intermediate\Build\Win64\UE4Editor\Development\miso\UE4Editor-miso.lib とオブジェクト C:\Users\yu.nishimaki\Documents\UnrealProjects\miso\Intermediate\Build\Win64\UE4Editor\Development\miso\UE4Editor-miso.exp を作成中
  UE4Editor-StrixSDK.lib (0:00.39 at +1:10)
     ライブラリ C:\Users\yu.nishimaki\Documents\UnrealProjects\miso\Plugins\StrixSDK\Intermediate\Build\Win64\UE4Editor\Development\StrixSDK\UE4Editor-StrixSDK.lib とオブジェクト C:\Users\yu.nishimaki\Documents\UnrealProjects\miso\Plugins\StrixSDK\Intermediate\Build\Win64\UE4Editor\Development\StrixSDK\UE4Editor-StrixSDK.exp を作成中
  misoEditor.target (0:00.20 at +1:10)
  ---------------------- Done ----------------------
  
      Rebuild All: 1 succeeded, 0 failed, 0 skipped
  
  1 build system warning(s):
     - License is invalid
  
  Total time in XGE executor: 71.28 seconds
  Total execution time: 79.26 seconds
